{"/home/attilla333/code/sophiecs333/job-search/src/api/getDegrees.ts": {"path":"/home/attilla333/code/sophiecs333/job-search/src/api/getDegrees.ts","statementMap":{"0":{"start":{"line":1,"column":0},"end":{"line":1,"column":null}},"1":{"start":{"line":5,"column":19},"end":{"line":9,"column":null}},"2":{"start":{"line":6,"column":18},"end":{"line":6,"column":null}},"3":{"start":{"line":7,"column":19},"end":{"line":7,"column":31}},"4":{"start":{"line":8,"column":2},"end":{"line":8,"column":9}},"5":{"start":{"line":11,"column":0},"end":{"line":11,"column":15}}},"fnMap":{"0":{"name":"(anonymous_1)","decl":{"start":{"line":5,"column":19},"end":{"line":5,"column":30}},"loc":{"start":{"line":5,"column":30},"end":{"line":9,"column":null}}}},"branchMap":{},"s":{"0":7,"1":7,"2":2,"3":2,"4":2,"5":7},"f":{"0":2},"b":{}}
,"/home/attilla333/code/sophiecs333/job-search/src/api/getJobs.ts": {"path":"/home/attilla333/code/sophiecs333/job-search/src/api/getJobs.ts","statementMap":{"0":{"start":{"line":1,"column":0},"end":{"line":1,"column":null}},"1":{"start":{"line":5,"column":16},"end":{"line":9,"column":null}},"2":{"start":{"line":6,"column":18},"end":{"line":6,"column":null}},"3":{"start":{"line":7,"column":19},"end":{"line":7,"column":31}},"4":{"start":{"line":8,"column":2},"end":{"line":8,"column":9}},"5":{"start":{"line":11,"column":0},"end":{"line":11,"column":15}}},"fnMap":{"0":{"name":"(anonymous_1)","decl":{"start":{"line":5,"column":16},"end":{"line":5,"column":27}},"loc":{"start":{"line":5,"column":27},"end":{"line":9,"column":null}}}},"branchMap":{},"s":{"0":7,"1":7,"2":2,"3":2,"4":2,"5":7},"f":{"0":2},"b":{}}
,"/home/attilla333/code/sophiecs333/job-search/src/components/jobresults/JobListing.vue": {"path":"/home/attilla333/code/sophiecs333/job-search/src/components/jobresults/JobListing.vue","statementMap":{"0":{"start":{"line":57,"column":0},"end":{"line":57,"column":null}},"1":{"start":{"line":60,"column":0},"end":{"line":60,"column":15}},"2":{"start":{"line":69,"column":24},"end":{"line":69,"column":33}},"3":{"start":{"line":69,"column":39},"end":{"line":69,"column":56}},"4":{"start":{"line":70,"column":4},"end":{"line":70,"column":11}}},"fnMap":{"0":{"name":"(anonymous_0)","decl":{"start":{"line":68,"column":7},"end":{"line":68,"column":8}},"loc":{"start":{"line":68,"column":13},"end":{"line":71,"column":null}}},"1":{"name":"(anonymous_1)","decl":{"start":{"line":69,"column":33},"end":{"line":69,"column":39}},"loc":{"start":{"line":69,"column":33},"end":{"line":69,"column":null}}}},"branchMap":{},"s":{"0":2,"1":2,"2":5,"3":5,"4":5},"f":{"0":5,"1":5},"b":{}}
,"/home/attilla333/code/sophiecs333/job-search/src/components/jobresults/JobListings.vue": {"path":"/home/attilla333/code/sophiecs333/job-search/src/components/jobresults/JobListings.vue","statementMap":{"0":{"start":{"line":38,"column":0},"end":{"line":38,"column":null}},"1":{"start":{"line":40,"column":0},"end":{"line":40,"column":null}},"2":{"start":{"line":41,"column":0},"end":{"line":41,"column":null}},"3":{"start":{"line":42,"column":0},"end":{"line":42,"column":null}},"4":{"start":{"line":43,"column":0},"end":{"line":43,"column":null}},"5":{"start":{"line":45,"column":0},"end":{"line":45,"column":15}},"6":{"start":{"line":51,"column":4},"end":{"line":51,"column":14}},"7":{"start":{"line":53,"column":25},"end":{"line":53,"column":null}},"8":{"start":{"line":55,"column":24},"end":{"line":55,"column":null}},"9":{"start":{"line":57,"column":20},"end":{"line":57,"column":29}},"10":{"start":{"line":57,"column":35},"end":{"line":57,"column":39}},"11":{"start":{"line":58,"column":39},"end":{"line":58,"column":null}},"12":{"start":{"line":58,"column":24},"end":{"line":58,"column":26}},"13":{"start":{"line":58,"column":34},"end":{"line":58,"column":39}},"14":{"start":{"line":63,"column":26},"end":{"line":63,"column":35}},"15":{"start":{"line":64,"column":25},"end":{"line":64,"column":null}},"16":{"start":{"line":65,"column":28},"end":{"line":65,"column":null}},"17":{"start":{"line":66,"column":27},"end":{"line":66,"column":null}},"18":{"start":{"line":67,"column":6},"end":{"line":67,"column":13}},"19":{"start":{"line":70,"column":4},"end":{"line":70,"column":11}}},"fnMap":{"0":{"name":"(anonymous_1)","decl":{"start":{"line":50,"column":7},"end":{"line":50,"column":null}},"loc":{"start":{"line":50,"column":7},"end":{"line":71,"column":null}}},"1":{"name":"(anonymous_2)","decl":{"start":{"line":57,"column":29},"end":{"line":57,"column":35}},"loc":{"start":{"line":57,"column":29},"end":{"line":57,"column":null}}},"2":{"name":"(anonymous_3)","decl":{"start":{"line":63,"column":35},"end":{"line":63,"column":null}},"loc":{"start":{"line":63,"column":35},"end":{"line":68,"column":null}}}},"branchMap":{},"s":{"0":1,"1":1,"2":1,"3":1,"4":1,"5":1,"6":7,"7":7,"8":7,"9":7,"10":0,"11":7,"12":7,"13":7,"14":7,"15":7,"16":7,"17":7,"18":7,"19":7},"f":{"0":7,"1":0,"2":7},"b":{}}
,"/home/attilla333/code/sophiecs333/job-search/src/components/jobresults/JobFiltersSidebar/JobFiltersSidebarCheckboxGroup.vue": {"path":"/home/attilla333/code/sophiecs333/job-search/src/components/jobresults/JobFiltersSidebar/JobFiltersSidebarCheckboxGroup.vue","statementMap":{"0":{"start":{"line":25,"column":0},"end":{"line":25,"column":null}},"1":{"start":{"line":26,"column":0},"end":{"line":26,"column":null}},"2":{"start":{"line":27,"column":0},"end":{"line":27,"column":null}},"3":{"start":{"line":29,"column":0},"end":{"line":29,"column":null}},"4":{"start":{"line":31,"column":0},"end":{"line":31,"column":null}},"5":{"start":{"line":33,"column":0},"end":{"line":33,"column":15}},"6":{"start":{"line":53,"column":18},"end":{"line":53,"column":27}},"7":{"start":{"line":54,"column":19},"end":{"line":54,"column":null}},"8":{"start":{"line":56,"column":27},"end":{"line":56,"column":41}},"9":{"start":{"line":58,"column":24},"end":{"line":61,"column":null}},"10":{"start":{"line":59,"column":6},"end":{"line":59,"column":11}},"11":{"start":{"line":60,"column":6},"end":{"line":60,"column":12}},"12":{"start":{"line":63,"column":4},"end":{"line":63,"column":11}}},"fnMap":{"0":{"name":"(anonymous_1)","decl":{"start":{"line":52,"column":2},"end":{"line":52,"column":7}},"loc":{"start":{"line":52,"column":13},"end":{"line":64,"column":null}}},"1":{"name":"(anonymous_2)","decl":{"start":{"line":58,"column":24},"end":{"line":58,"column":null}},"loc":{"start":{"line":58,"column":24},"end":{"line":61,"column":null}}}},"branchMap":{},"s":{"0":1,"1":1,"2":1,"3":1,"4":1,"5":1,"6":3,"7":3,"8":3,"9":3,"10":2,"11":2,"12":3},"f":{"0":3,"1":2},"b":{}}
,"/home/attilla333/code/sophiecs333/job-search/src/components/jobsearch/Headline.vue": {"path":"/home/attilla333/code/sophiecs333/job-search/src/components/jobsearch/Headline.vue","statementMap":{"0":{"start":{"line":16,"column":0},"end":{"line":16,"column":null}},"1":{"start":{"line":17,"column":0},"end":{"line":17,"column":null}},"2":{"start":{"line":28,"column":0},"end":{"line":28,"column":15}},"3":{"start":{"line":31,"column":4},"end":{"line":31,"column":11}},"4":{"start":{"line":38,"column":6},"end":{"line":38,"column":null}},"5":{"start":{"line":44,"column":4},"end":{"line":44,"column":9}},"6":{"start":{"line":47,"column":4},"end":{"line":47,"column":17}},"7":{"start":{"line":50,"column":4},"end":{"line":50,"column":15}},"8":{"start":{"line":51,"column":6},"end":{"line":51,"column":11}},"9":{"start":{"line":52,"column":24},"end":{"line":52,"column":25}},"10":{"start":{"line":53,"column":8},"end":{"line":53,"column":12}}},"fnMap":{"0":{"name":"(anonymous_1)","decl":{"start":{"line":30,"column":2},"end":{"line":30,"column":6}},"loc":{"start":{"line":30,"column":2},"end":{"line":35,"column":null}}},"1":{"name":"(anonymous_2)","decl":{"start":{"line":37,"column":4},"end":{"line":37,"column":17}},"loc":{"start":{"line":37,"column":4},"end":{"line":41,"column":null}}},"2":{"name":"(anonymous_3)","decl":{"start":{"line":43,"column":9},"end":{"line":43,"column":null}},"loc":{"start":{"line":43,"column":9},"end":{"line":45,"column":null}}},"3":{"name":"(anonymous_4)","decl":{"start":{"line":46,"column":15},"end":{"line":46,"column":null}},"loc":{"start":{"line":46,"column":15},"end":{"line":48,"column":null}}},"4":{"name":"(anonymous_5)","decl":{"start":{"line":50,"column":15},"end":{"line":50,"column":null}},"loc":{"start":{"line":50,"column":15},"end":{"line":55,"column":null}}},"5":{"name":"(anonymous_6)","decl":{"start":{"line":51,"column":34},"end":{"line":51,"column":null}},"loc":{"start":{"line":51,"column":34},"end":{"line":54,"column":9}}}},"branchMap":{},"s":{"0":1,"1":1,"2":1,"3":4,"4":7,"5":4,"6":1,"7":4,"8":4,"9":3,"10":3},"f":{"0":4,"1":7,"2":4,"3":1,"4":4,"5":3},"b":{}}
,"/home/attilla333/code/sophiecs333/job-search/src/components/jobsearch/JobSearchForm.vue": {"path":"/home/attilla333/code/sophiecs333/job-search/src/components/jobsearch/JobSearchForm.vue","statementMap":{"0":{"start":{"line":41,"column":0},"end":{"line":41,"column":null}},"1":{"start":{"line":42,"column":0},"end":{"line":42,"column":null}},"2":{"start":{"line":44,"column":0},"end":{"line":44,"column":null}},"3":{"start":{"line":45,"column":0},"end":{"line":45,"column":null}},"4":{"start":{"line":47,"column":0},"end":{"line":47,"column":15}},"5":{"start":{"line":54,"column":19},"end":{"line":54,"column":null}},"6":{"start":{"line":56,"column":17},"end":{"line":56,"column":21}},"7":{"start":{"line":57,"column":21},"end":{"line":57,"column":25}},"8":{"start":{"line":59,"column":26},"end":{"line":64,"column":null}},"9":{"start":{"line":60,"column":6},"end":{"line":60,"column":12}},"10":{"start":{"line":66,"column":4},"end":{"line":66,"column":11}}},"fnMap":{"0":{"name":"(anonymous_1)","decl":{"start":{"line":53,"column":7},"end":{"line":53,"column":null}},"loc":{"start":{"line":53,"column":7},"end":{"line":67,"column":null}}},"1":{"name":"(anonymous_2)","decl":{"start":{"line":59,"column":26},"end":{"line":59,"column":null}},"loc":{"start":{"line":59,"column":26},"end":{"line":64,"column":null}}}},"branchMap":{},"s":{"0":1,"1":1,"2":1,"3":1,"4":1,"5":1,"6":1,"7":1,"8":1,"9":1,"10":1},"f":{"0":1,"1":1},"b":{}}
,"/home/attilla333/code/sophiecs333/job-search/src/components/jobsearch/Spotlight.vue": {"path":"/home/attilla333/code/sophiecs333/job-search/src/components/jobsearch/Spotlight.vue","statementMap":{"0":{"start":{"line":14,"column":0},"end":{"line":14,"column":null}},"1":{"start":{"line":15,"column":0},"end":{"line":15,"column":null}},"2":{"start":{"line":24,"column":0},"end":{"line":24,"column":15}},"3":{"start":{"line":26,"column":2},"end":{"line":26,"column":7}},"4":{"start":{"line":27,"column":23},"end":{"line":27,"column":40}},"5":{"start":{"line":29,"column":26},"end":{"line":34,"column":null}},"6":{"start":{"line":29,"column":26},"end":{"line":29,"column":null}},"7":{"start":{"line":30,"column":12},"end":{"line":30,"column":19}},"8":{"start":{"line":31,"column":12},"end":{"line":31,"column":15}},"9":{"start":{"line":32,"column":23},"end":{"line":32,"column":29}},"10":{"start":{"line":32,"column":12},"end":{"line":32,"column":20}},"11":{"start":{"line":33,"column":6},"end":{"line":33,"column":16}},"12":{"start":{"line":35,"column":4},"end":{"line":35,"column":14}},"13":{"start":{"line":37,"column":4},"end":{"line":37,"column":11}}},"fnMap":{"0":{"name":"(anonymous_14)","decl":{"start":{"line":26,"column":2},"end":{"line":26,"column":7}},"loc":{"start":{"line":26,"column":2},"end":{"line":38,"column":null}}},"1":{"name":"(anonymous_15)","decl":{"start":{"line":29,"column":26},"end":{"line":29,"column":null}},"loc":{"start":{"line":29,"column":26},"end":{"line":34,"column":null}}}},"branchMap":{},"s":{"0":1,"1":1,"2":1,"3":3,"4":3,"5":3,"6":3,"7":3,"8":3,"9":3,"10":3,"11":3,"12":3,"13":3},"f":{"0":3,"1":6},"b":{}}
,"/home/attilla333/code/sophiecs333/job-search/src/components/navigation/MainNav.vue": {"path":"/home/attilla333/code/sophiecs333/job-search/src/components/navigation/MainNav.vue","statementMap":{"0":{"start":{"line":47,"column":0},"end":{"line":47,"column":null}},"1":{"start":{"line":48,"column":0},"end":{"line":48,"column":null}},"2":{"start":{"line":50,"column":0},"end":{"line":50,"column":null}},"3":{"start":{"line":51,"column":0},"end":{"line":51,"column":null}},"4":{"start":{"line":52,"column":0},"end":{"line":52,"column":null}},"5":{"start":{"line":54,"column":0},"end":{"line":54,"column":null}},"6":{"start":{"line":56,"column":0},"end":{"line":56,"column":15}},"7":{"start":{"line":64,"column":4},"end":{"line":64,"column":11}},"8":{"start":{"line":77,"column":6},"end":{"line":77,"column":13}}},"fnMap":{"0":{"name":"(anonymous_3)","decl":{"start":{"line":63,"column":6},"end":{"line":63,"column":null}},"loc":{"start":{"line":63,"column":6},"end":{"line":74,"column":null}}},"1":{"name":"(anonymous_4)","decl":{"start":{"line":76,"column":21},"end":{"line":76,"column":null}},"loc":{"start":{"line":76,"column":21},"end":{"line":81,"column":null}}}},"branchMap":{},"s":{"0":1,"1":1,"2":1,"3":1,"4":1,"5":1,"6":1,"7":6,"8":6},"f":{"0":6,"1":6},"b":{}}
,"/home/attilla333/code/sophiecs333/job-search/src/components/navigation/ProfileImage.vue": {"path":"/home/attilla333/code/sophiecs333/job-search/src/components/navigation/ProfileImage.vue","statementMap":{"0":{"start":{"line":6,"column":0},"end":{"line":6,"column":null}},"1":{"start":{"line":8,"column":0},"end":{"line":8,"column":15}},"2":{"start":{"line":11,"column":4},"end":{"line":11,"column":11}}},"fnMap":{"0":{"name":"(anonymous_0)","decl":{"start":{"line":10,"column":6},"end":{"line":10,"column":null}},"loc":{"start":{"line":10,"column":6},"end":{"line":15,"column":null}}}},"branchMap":{},"s":{"0":2,"1":2,"2":1},"f":{"0":1},"b":{}}
,"/home/attilla333/code/sophiecs333/job-search/src/components/navigation/Subnav.vue": {"path":"/home/attilla333/code/sophiecs333/job-search/src/components/navigation/Subnav.vue","statementMap":{"0":{"start":{"line":16,"column":0},"end":{"line":16,"column":null}},"1":{"start":{"line":21,"column":0},"end":{"line":21,"column":null}},"2":{"start":{"line":22,"column":0},"end":{"line":22,"column":null}},"3":{"start":{"line":26,"column":0},"end":{"line":26,"column":15}},"4":{"start":{"line":29,"column":26},"end":{"line":29,"column":null}},"5":{"start":{"line":33,"column":29},"end":{"line":33,"column":45}},"6":{"start":{"line":37,"column":4},"end":{"line":37,"column":11}}},"fnMap":{"0":{"name":"(anonymous_1)","decl":{"start":{"line":28,"column":7},"end":{"line":28,"column":null}},"loc":{"start":{"line":28,"column":7},"end":{"line":38,"column":null}}}},"branchMap":{},"s":{"0":2,"1":2,"2":2,"3":2,"4":2,"5":2,"6":2},"f":{"0":2},"b":{}}
,"/home/attilla333/code/sophiecs333/job-search/src/components/shared/Accordion.vue": {"path":"/home/attilla333/code/sophiecs333/job-search/src/components/shared/Accordion.vue","statementMap":{"0":{"start":{"line":19,"column":0},"end":{"line":19,"column":null}},"1":{"start":{"line":21,"column":0},"end":{"line":21,"column":15}},"2":{"start":{"line":30,"column":19},"end":{"line":30,"column":23}},"3":{"start":{"line":32,"column":17},"end":{"line":34,"column":null}},"4":{"start":{"line":33,"column":6},"end":{"line":33,"column":12}},"5":{"start":{"line":36,"column":22},"end":{"line":36,"column":31}},"6":{"start":{"line":37,"column":6},"end":{"line":37,"column":12}},"7":{"start":{"line":40,"column":4},"end":{"line":40,"column":11}}},"fnMap":{"0":{"name":"(anonymous_0)","decl":{"start":{"line":29,"column":7},"end":{"line":29,"column":null}},"loc":{"start":{"line":29,"column":7},"end":{"line":41,"column":null}}},"1":{"name":"(anonymous_1)","decl":{"start":{"line":32,"column":17},"end":{"line":32,"column":null}},"loc":{"start":{"line":32,"column":17},"end":{"line":34,"column":null}}},"2":{"name":"(anonymous_2)","decl":{"start":{"line":36,"column":31},"end":{"line":36,"column":null}},"loc":{"start":{"line":36,"column":31},"end":{"line":37,"column":null}}}},"branchMap":{"0":{"loc":{"start":{"line":37,"column":6},"end":{"line":37,"column":44}},"type":"cond-expr","locations":[{"start":{"line":37,"column":21},"end":{"line":37,"column":22}},{"start":{"line":37,"column":43},"end":{"line":37,"column":44}}]}},"s":{"0":2,"1":2,"2":5,"3":5,"4":5,"5":5,"6":10,"7":5},"f":{"0":5,"1":5,"2":10},"b":{"0":[5,5]}}
,"/home/attilla333/code/sophiecs333/job-search/src/components/shared/ActionButton.vue": {"path":"/home/attilla333/code/sophiecs333/job-search/src/components/shared/ActionButton.vue","statementMap":{"0":{"start":{"line":8,"column":0},"end":{"line":8,"column":null}},"1":{"start":{"line":10,"column":0},"end":{"line":10,"column":15}},"2":{"start":{"line":22,"column":8},"end":{"line":22,"column":15}},"3":{"start":{"line":27,"column":21},"end":{"line":27,"column":null}},"4":{"start":{"line":29,"column":24},"end":{"line":29,"column":33}},"5":{"start":{"line":30,"column":6},"end":{"line":30,"column":null}},"6":{"start":{"line":34,"column":4},"end":{"line":34,"column":11}}},"fnMap":{"0":{"name":"(anonymous_0)","decl":{"start":{"line":21,"column":17},"end":{"line":21,"column":18}},"loc":{"start":{"line":21,"column":31},"end":{"line":23,"column":null}}},"1":{"name":"(anonymous_1)","decl":{"start":{"line":26,"column":7},"end":{"line":26,"column":8}},"loc":{"start":{"line":26,"column":13},"end":{"line":35,"column":null}}},"2":{"name":"(anonymous_2)","decl":{"start":{"line":29,"column":33},"end":{"line":29,"column":null}},"loc":{"start":{"line":29,"column":33},"end":{"line":33,"column":null}}}},"branchMap":{},"s":{"0":3,"1":3,"2":7,"3":3,"4":3,"5":3,"6":3},"f":{"0":7,"1":3,"2":3},"b":{}}
,"/home/attilla333/code/sophiecs333/job-search/src/components/shared/HeaderContainer.vue": {"path":"/home/attilla333/code/sophiecs333/job-search/src/components/shared/HeaderContainer.vue","statementMap":{"0":{"start":{"line":11,"column":0},"end":{"line":11,"column":null}},"1":{"start":{"line":13,"column":0},"end":{"line":13,"column":15}}},"fnMap":{},"branchMap":{},"s":{"0":1,"1":1},"f":{},"b":{}}
,"/home/attilla333/code/sophiecs333/job-search/src/components/shared/TextInput.vue": {"path":"/home/attilla333/code/sophiecs333/job-search/src/components/shared/TextInput.vue","statementMap":{"0":{"start":{"line":12,"column":0},"end":{"line":12,"column":null}},"1":{"start":{"line":14,"column":0},"end":{"line":14,"column":15}},"2":{"start":{"line":30,"column":21},"end":{"line":30,"column":null}},"3":{"start":{"line":31,"column":6},"end":{"line":31,"column":11}}},"fnMap":{"0":{"name":"(anonymous_0)","decl":{"start":{"line":29,"column":4},"end":{"line":29,"column":15}},"loc":{"start":{"line":29,"column":29},"end":{"line":32,"column":null}}}},"branchMap":{},"s":{"0":2,"1":2,"2":5,"3":5},"f":{"0":5},"b":{}}
,"/home/attilla333/code/sophiecs333/job-search/src/composables/useConfirmRoute.ts": {"path":"/home/attilla333/code/sophiecs333/job-search/src/composables/useConfirmRoute.ts","statementMap":{"0":{"start":{"line":1,"column":0},"end":{"line":1,"column":null}},"1":{"start":{"line":2,"column":0},"end":{"line":2,"column":null}},"2":{"start":{"line":4,"column":25},"end":{"line":7,"column":null}},"3":{"start":{"line":5,"column":16},"end":{"line":5,"column":null}},"4":{"start":{"line":6,"column":2},"end":{"line":6,"column":9}},"5":{"start":{"line":6,"column":24},"end":{"line":6,"column":null}},"6":{"start":{"line":9,"column":0},"end":{"line":9,"column":15}}},"fnMap":{"0":{"name":"(anonymous_0)","decl":{"start":{"line":4,"column":25},"end":{"line":4,"column":46}},"loc":{"start":{"line":4,"column":46},"end":{"line":7,"column":null}}},"1":{"name":"(anonymous_1)","decl":{"start":{"line":6,"column":18},"end":{"line":6,"column":24}},"loc":{"start":{"line":6,"column":24},"end":{"line":6,"column":null}}}},"branchMap":{},"s":{"0":3,"1":3,"2":3,"3":1,"4":1,"5":1,"6":3},"f":{"0":1,"1":1},"b":{}}
,"/home/attilla333/code/sophiecs333/job-search/src/composables/useCurrentPage.ts": {"path":"/home/attilla333/code/sophiecs333/job-search/src/composables/useCurrentPage.ts","statementMap":{"0":{"start":{"line":1,"column":0},"end":{"line":1,"column":null}},"1":{"start":{"line":2,"column":0},"end":{"line":2,"column":null}},"2":{"start":{"line":4,"column":23},"end":{"line":8,"column":null}},"3":{"start":{"line":5,"column":16},"end":{"line":5,"column":null}},"4":{"start":{"line":6,"column":15},"end":{"line":6,"column":null}},"5":{"start":{"line":7,"column":2},"end":{"line":7,"column":9}},"6":{"start":{"line":7,"column":24},"end":{"line":7,"column":30}},"7":{"start":{"line":10,"column":0},"end":{"line":10,"column":15}}},"fnMap":{"0":{"name":"(anonymous_0)","decl":{"start":{"line":4,"column":23},"end":{"line":4,"column":28}},"loc":{"start":{"line":4,"column":28},"end":{"line":8,"column":null}}},"1":{"name":"(anonymous_1)","decl":{"start":{"line":7,"column":18},"end":{"line":7,"column":24}},"loc":{"start":{"line":7,"column":24},"end":{"line":7,"column":30}}}},"branchMap":{"0":{"loc":{"start":{"line":7,"column":40},"end":{"line":7,"column":null}},"type":"binary-expr","locations":[{"start":{"line":7,"column":40},"end":{"line":7,"column":44}},{"start":{"line":7,"column":48},"end":{"line":7,"column":null}}]}},"s":{"0":2,"1":2,"2":2,"3":2,"4":2,"5":2,"6":2,"7":2},"f":{"0":2,"1":2},"b":{"0":[2,1]}}
,"/home/attilla333/code/sophiecs333/job-search/src/composables/usePreviousAndNextPages.ts": {"path":"/home/attilla333/code/sophiecs333/job-search/src/composables/usePreviousAndNextPages.ts","statementMap":{"0":{"start":{"line":1,"column":0},"end":{"line":1,"column":null}},"1":{"start":{"line":7,"column":32},"end":{"line":23,"column":null}},"2":{"start":{"line":11,"column":23},"end":{"line":11,"column":32}},"3":{"start":{"line":12,"column":25},"end":{"line":12,"column":null}},"4":{"start":{"line":13,"column":22},"end":{"line":13,"column":null}},"5":{"start":{"line":14,"column":4},"end":{"line":14,"column":11}},"6":{"start":{"line":17,"column":19},"end":{"line":17,"column":28}},"7":{"start":{"line":18,"column":21},"end":{"line":18,"column":null}},"8":{"start":{"line":19,"column":4},"end":{"line":19,"column":11}},"9":{"start":{"line":22,"column":2},"end":{"line":22,"column":9}},"10":{"start":{"line":25,"column":0},"end":{"line":25,"column":15}}},"fnMap":{"0":{"name":"(anonymous_0)","decl":{"start":{"line":7,"column":32},"end":{"line":7,"column":null}},"loc":{"start":{"line":10,"column":4},"end":{"line":23,"column":null}}},"1":{"name":"(anonymous_1)","decl":{"start":{"line":11,"column":32},"end":{"line":11,"column":37}},"loc":{"start":{"line":11,"column":37},"end":{"line":15,"column":null}}},"2":{"name":"(anonymous_2)","decl":{"start":{"line":17,"column":28},"end":{"line":17,"column":33}},"loc":{"start":{"line":17,"column":33},"end":{"line":20,"column":null}}}},"branchMap":{"0":{"loc":{"start":{"line":14,"column":11},"end":{"line":14,"column":null}},"type":"cond-expr","locations":[{"start":{"line":14,"column":39},"end":{"line":14,"column":54}},{"start":{"line":14,"column":54},"end":{"line":14,"column":null}}]},"1":{"loc":{"start":{"line":19,"column":11},"end":{"line":19,"column":null}},"type":"cond-expr","locations":[{"start":{"line":19,"column":39},"end":{"line":19,"column":50}},{"start":{"line":19,"column":50},"end":{"line":19,"column":null}}]}},"s":{"0":2,"1":2,"2":4,"3":2,"4":2,"5":2,"6":4,"7":2,"8":2,"9":4,"10":2},"f":{"0":4,"1":2,"2":2},"b":{"0":[1,1],"1":[1,1]}}
,"/home/attilla333/code/sophiecs333/job-search/src/store/actions.ts": {"path":"/home/attilla333/code/sophiecs333/job-search/src/store/actions.ts","statementMap":{"0":{"start":{"line":2,"column":0},"end":{"line":2,"column":null}},"1":{"start":{"line":3,"column":0},"end":{"line":3,"column":null}},"2":{"start":{"line":4,"column":0},"end":{"line":4,"column":null}},"3":{"start":{"line":15,"column":16},"end":{"line":15,"column":null}},"4":{"start":{"line":17,"column":24},"end":{"line":17,"column":null}},"5":{"start":{"line":18,"column":4},"end":{"line":18,"column":11}},"6":{"start":{"line":21,"column":20},"end":{"line":21,"column":null}},"7":{"start":{"line":22,"column":4},"end":{"line":22,"column":11}},"8":{"start":{"line":26,"column":0},"end":{"line":26,"column":15}}},"fnMap":{"0":{"name":"(anonymous_1)","decl":{"start":{"line":16,"column":16},"end":{"line":16,"column":23}},"loc":{"start":{"line":16,"column":43},"end":{"line":19,"column":null}}},"1":{"name":"(anonymous_2)","decl":{"start":{"line":20,"column":19},"end":{"line":20,"column":26}},"loc":{"start":{"line":20,"column":46},"end":{"line":23,"column":null}}}},"branchMap":{},"s":{"0":6,"1":6,"2":6,"3":6,"4":2,"5":2,"6":2,"7":2,"8":6},"f":{"0":2,"1":2},"b":{}}
,"/home/attilla333/code/sophiecs333/job-search/src/store/composables.ts": {"path":"/home/attilla333/code/sophiecs333/job-search/src/store/composables.ts","statementMap":{"0":{"start":{"line":1,"column":0},"end":{"line":1,"column":null}},"1":{"start":{"line":2,"column":0},"end":{"line":2,"column":null}},"2":{"start":{"line":4,"column":0},"end":{"line":4,"column":null}},"3":{"start":{"line":13,"column":0},"end":{"line":13,"column":null}},"4":{"start":{"line":15,"column":31},"end":{"line":18,"column":null}},"5":{"start":{"line":16,"column":16},"end":{"line":16,"column":25}},"6":{"start":{"line":17,"column":2},"end":{"line":17,"column":9}},"7":{"start":{"line":17,"column":31},"end":{"line":17,"column":36}},"8":{"start":{"line":15,"column":13},"end":{"line":15,"column":28}},"9":{"start":{"line":20,"column":33},"end":{"line":23,"column":null}},"10":{"start":{"line":21,"column":16},"end":{"line":21,"column":25}},"11":{"start":{"line":22,"column":2},"end":{"line":22,"column":9}},"12":{"start":{"line":22,"column":37},"end":{"line":22,"column":42}},"13":{"start":{"line":20,"column":13},"end":{"line":20,"column":30}},"14":{"start":{"line":25,"column":38},"end":{"line":28,"column":null}},"15":{"start":{"line":26,"column":16},"end":{"line":26,"column":25}},"16":{"start":{"line":27,"column":2},"end":{"line":27,"column":9}},"17":{"start":{"line":27,"column":37},"end":{"line":27,"column":42}},"18":{"start":{"line":25,"column":13},"end":{"line":25,"column":35}},"19":{"start":{"line":30,"column":36},"end":{"line":33,"column":null}},"20":{"start":{"line":31,"column":16},"end":{"line":31,"column":25}},"21":{"start":{"line":32,"column":2},"end":{"line":32,"column":7}},"22":{"start":{"line":30,"column":13},"end":{"line":30,"column":33}}},"fnMap":{"0":{"name":"(anonymous_0)","decl":{"start":{"line":15,"column":31},"end":{"line":15,"column":36}},"loc":{"start":{"line":15,"column":36},"end":{"line":18,"column":null}}},"1":{"name":"(anonymous_1)","decl":{"start":{"line":17,"column":25},"end":{"line":17,"column":31}},"loc":{"start":{"line":17,"column":31},"end":{"line":17,"column":36}}},"2":{"name":"(anonymous_2)","decl":{"start":{"line":20,"column":33},"end":{"line":20,"column":38}},"loc":{"start":{"line":20,"column":38},"end":{"line":23,"column":null}}},"3":{"name":"(anonymous_3)","decl":{"start":{"line":22,"column":31},"end":{"line":22,"column":37}},"loc":{"start":{"line":22,"column":37},"end":{"line":22,"column":42}}},"4":{"name":"(anonymous_4)","decl":{"start":{"line":25,"column":38},"end":{"line":25,"column":43}},"loc":{"start":{"line":25,"column":43},"end":{"line":28,"column":null}}},"5":{"name":"(anonymous_5)","decl":{"start":{"line":27,"column":31},"end":{"line":27,"column":37}},"loc":{"start":{"line":27,"column":37},"end":{"line":27,"column":42}}},"6":{"name":"(anonymous_6)","decl":{"start":{"line":30,"column":36},"end":{"line":30,"column":41}},"loc":{"start":{"line":30,"column":41},"end":{"line":33,"column":null}}}},"branchMap":{},"s":{"0":4,"1":4,"2":4,"3":4,"4":4,"5":1,"6":1,"7":1,"8":4,"9":4,"10":1,"11":1,"12":1,"13":4,"14":4,"15":1,"16":1,"17":1,"18":4,"19":4,"20":1,"21":1,"22":4},"f":{"0":1,"1":1,"2":1,"3":1,"4":1,"5":1,"6":1},"b":{}}
,"/home/attilla333/code/sophiecs333/job-search/src/store/constants.ts": {"path":"/home/attilla333/code/sophiecs333/job-search/src/store/constants.ts","statementMap":{"0":{"start":{"line":2,"column":13},"end":{"line":2,"column":26}},"1":{"start":{"line":5,"column":13},"end":{"line":5,"column":28}},"2":{"start":{"line":6,"column":13},"end":{"line":6,"column":26}},"3":{"start":{"line":7,"column":13},"end":{"line":7,"column":29}},"4":{"start":{"line":10,"column":13},"end":{"line":10,"column":36}},"5":{"start":{"line":11,"column":13},"end":{"line":11,"column":42}},"6":{"start":{"line":12,"column":13},"end":{"line":12,"column":43}},"7":{"start":{"line":15,"column":13},"end":{"line":15,"column":32}},"8":{"start":{"line":16,"column":13},"end":{"line":16,"column":38}},"9":{"start":{"line":17,"column":13},"end":{"line":17,"column":39}},"10":{"start":{"line":20,"column":13},"end":{"line":20,"column":29}},"11":{"start":{"line":21,"column":13},"end":{"line":21,"column":31}}},"fnMap":{},"branchMap":{},"s":{"0":8,"1":8,"2":8,"3":8,"4":8,"5":8,"6":8,"7":8,"8":8,"9":8,"10":8,"11":8},"f":{},"b":{}}
,"/home/attilla333/code/sophiecs333/job-search/src/store/getters.ts": {"path":"/home/attilla333/code/sophiecs333/job-search/src/store/getters.ts","statementMap":{"0":{"start":{"line":1,"column":0},"end":{"line":1,"column":null}},"1":{"start":{"line":17,"column":16},"end":{"line":17,"column":null}},"2":{"start":{"line":19,"column":32},"end":{"line":19,"column":36}},"3":{"start":{"line":20,"column":4},"end":{"line":20,"column":9}},"4":{"start":{"line":20,"column":32},"end":{"line":20,"column":51}},"5":{"start":{"line":21,"column":4},"end":{"line":21,"column":11}},"6":{"start":{"line":24,"column":27},"end":{"line":24,"column":31}},"7":{"start":{"line":25,"column":4},"end":{"line":25,"column":9}},"8":{"start":{"line":25,"column":32},"end":{"line":25,"column":46}},"9":{"start":{"line":26,"column":4},"end":{"line":26,"column":11}},"10":{"start":{"line":28,"column":58},"end":{"line":31,"column":null}},"11":{"start":{"line":29,"column":4},"end":{"line":29,"column":57}},"12":{"start":{"line":29,"column":50},"end":{"line":29,"column":57}},"13":{"start":{"line":30,"column":4},"end":{"line":30,"column":11}},"14":{"start":{"line":32,"column":54},"end":{"line":35,"column":null}},"15":{"start":{"line":33,"column":4},"end":{"line":33,"column":52}},"16":{"start":{"line":33,"column":45},"end":{"line":33,"column":52}},"17":{"start":{"line":34,"column":4},"end":{"line":34,"column":11}},"18":{"start":{"line":37,"column":4},"end":{"line":37,"column":11}},"19":{"start":{"line":38,"column":23},"end":{"line":38,"column":30}},"20":{"start":{"line":39,"column":23},"end":{"line":39,"column":30}},"21":{"start":{"line":43,"column":0},"end":{"line":43,"column":15}}},"fnMap":{"0":{"name":"(anonymous_0)","decl":{"start":{"line":18,"column":2},"end":{"line":18,"column":3}},"loc":{"start":{"line":18,"column":43},"end":{"line":22,"column":null}}},"1":{"name":"(anonymous_1)","decl":{"start":{"line":20,"column":24},"end":{"line":20,"column":32}},"loc":{"start":{"line":20,"column":32},"end":{"line":20,"column":51}}},"2":{"name":"(anonymous_2)","decl":{"start":{"line":23,"column":2},"end":{"line":23,"column":3}},"loc":{"start":{"line":23,"column":39},"end":{"line":27,"column":null}}},"3":{"name":"(anonymous_3)","decl":{"start":{"line":25,"column":24},"end":{"line":25,"column":32}},"loc":{"start":{"line":25,"column":32},"end":{"line":25,"column":46}}},"4":{"name":"(anonymous_4)","decl":{"start":{"line":28,"column":34},"end":{"line":28,"column":57}},"loc":{"start":{"line":28,"column":58},"end":{"line":31,"column":null}}},"5":{"name":"(anonymous_5)","decl":{"start":{"line":28,"column":58},"end":{"line":28,"column":70}},"loc":{"start":{"line":28,"column":70},"end":{"line":31,"column":null}}},"6":{"name":"(anonymous_6)","decl":{"start":{"line":32,"column":30},"end":{"line":32,"column":53}},"loc":{"start":{"line":32,"column":54},"end":{"line":35,"column":null}}},"7":{"name":"(anonymous_7)","decl":{"start":{"line":32,"column":54},"end":{"line":32,"column":66}},"loc":{"start":{"line":32,"column":66},"end":{"line":35,"column":null}}},"8":{"name":"(anonymous_8)","decl":{"start":{"line":36,"column":2},"end":{"line":36,"column":3}},"loc":{"start":{"line":36,"column":64},"end":{"line":40,"column":null}}},"9":{"name":"(anonymous_9)","decl":{"start":{"line":38,"column":15},"end":{"line":38,"column":23}},"loc":{"start":{"line":38,"column":23},"end":{"line":38,"column":30}}},"10":{"name":"(anonymous_10)","decl":{"start":{"line":39,"column":15},"end":{"line":39,"column":23}},"loc":{"start":{"line":39,"column":23},"end":{"line":39,"column":30}}}},"branchMap":{"0":{"loc":{"start":{"line":29,"column":4},"end":{"line":29,"column":57}},"type":"if","locations":[{"start":{"line":29,"column":4},"end":{"line":29,"column":57}}]},"1":{"loc":{"start":{"line":33,"column":4},"end":{"line":33,"column":52}},"type":"if","locations":[{"start":{"line":33,"column":4},"end":{"line":33,"column":52}}]}},"s":{"0":6,"1":6,"2":1,"3":1,"4":3,"5":1,"6":1,"7":1,"8":3,"9":1,"10":2,"11":2,"12":1,"13":1,"14":2,"15":2,"16":1,"17":1,"18":1,"19":1,"20":1,"21":6},"f":{"0":1,"1":3,"2":1,"3":3,"4":2,"5":2,"6":2,"7":2,"8":1,"9":1,"10":1},"b":{"0":[1],"1":[1]}}
,"/home/attilla333/code/sophiecs333/job-search/src/store/index.ts": {"path":"/home/attilla333/code/sophiecs333/job-search/src/store/index.ts","statementMap":{"0":{"start":{"line":2,"column":0},"end":{"line":2,"column":null}},"1":{"start":{"line":4,"column":0},"end":{"line":4,"column":null}},"2":{"start":{"line":5,"column":0},"end":{"line":5,"column":null}},"3":{"start":{"line":6,"column":0},"end":{"line":6,"column":null}},"4":{"start":{"line":7,"column":0},"end":{"line":7,"column":null}},"5":{"start":{"line":10,"column":13},"end":{"line":10,"column":53}},"6":{"start":{"line":12,"column":14},"end":{"line":12,"column":39}},"7":{"start":{"line":20,"column":0},"end":{"line":20,"column":15}}},"fnMap":{},"branchMap":{},"s":{"0":5,"1":5,"2":5,"3":5,"4":5,"5":5,"6":5,"7":5},"f":{},"b":{}}
,"/home/attilla333/code/sophiecs333/job-search/src/store/mutations.ts": {"path":"/home/attilla333/code/sophiecs333/job-search/src/store/mutations.ts","statementMap":{"0":{"start":{"line":1,"column":0},"end":{"line":1,"column":null}},"1":{"start":{"line":12,"column":18},"end":{"line":12,"column":null}},"2":{"start":{"line":14,"column":4},"end":{"line":14,"column":9}},"3":{"start":{"line":17,"column":4},"end":{"line":17,"column":9}},"4":{"start":{"line":20,"column":4},"end":{"line":20,"column":9}},"5":{"start":{"line":23,"column":4},"end":{"line":23,"column":9}},"6":{"start":{"line":26,"column":4},"end":{"line":26,"column":9}},"7":{"start":{"line":30,"column":0},"end":{"line":30,"column":15}}},"fnMap":{"0":{"name":"(anonymous_0)","decl":{"start":{"line":13,"column":2},"end":{"line":13,"column":3}},"loc":{"start":{"line":13,"column":33},"end":{"line":15,"column":null}}},"1":{"name":"(anonymous_1)","decl":{"start":{"line":16,"column":2},"end":{"line":16,"column":3}},"loc":{"start":{"line":16,"column":48},"end":{"line":18,"column":null}}},"2":{"name":"(anonymous_2)","decl":{"start":{"line":19,"column":2},"end":{"line":19,"column":3}},"loc":{"start":{"line":19,"column":57},"end":{"line":21,"column":null}}},"3":{"name":"(anonymous_3)","decl":{"start":{"line":22,"column":2},"end":{"line":22,"column":3}},"loc":{"start":{"line":22,"column":74},"end":{"line":24,"column":null}}},"4":{"name":"(anonymous_4)","decl":{"start":{"line":25,"column":2},"end":{"line":25,"column":3}},"loc":{"start":{"line":25,"column":65},"end":{"line":27,"column":null}}}},"branchMap":{},"s":{"0":6,"1":6,"2":1,"3":1,"4":1,"5":1,"6":1,"7":6},"f":{"0":1,"1":1,"2":1,"3":1,"4":1},"b":{}}
,"/home/attilla333/code/sophiecs333/job-search/src/store/state.ts": {"path":"/home/attilla333/code/sophiecs333/job-search/src/store/state.ts","statementMap":{"0":{"start":{"line":3,"column":14},"end":{"line":11,"column":null}},"1":{"start":{"line":4,"column":2},"end":{"line":4,"column":9}},"2":{"start":{"line":13,"column":0},"end":{"line":13,"column":15}}},"fnMap":{"0":{"name":"(anonymous_0)","decl":{"start":{"line":3,"column":14},"end":{"line":3,"column":32}},"loc":{"start":{"line":3,"column":32},"end":{"line":11,"column":null}}}},"branchMap":{},"s":{"0":9,"1":19,"2":9},"f":{"0":19},"b":{}}
,"/home/attilla333/code/sophiecs333/job-search/src/utils/nextElementInList.ts": {"path":"/home/attilla333/code/sophiecs333/job-search/src/utils/nextElementInList.ts","statementMap":{"0":{"start":{"line":1,"column":26},"end":{"line":6,"column":null}},"1":{"start":{"line":2,"column":28},"end":{"line":2,"column":32}},"2":{"start":{"line":3,"column":25},"end":{"line":3,"column":null}},"3":{"start":{"line":4,"column":20},"end":{"line":4,"column":25}},"4":{"start":{"line":5,"column":2},"end":{"line":5,"column":9}},"5":{"start":{"line":8,"column":0},"end":{"line":8,"column":15}}},"fnMap":{"0":{"name":"(anonymous_0)","decl":{"start":{"line":1,"column":26},"end":{"line":1,"column":30}},"loc":{"start":{"line":1,"column":56},"end":{"line":6,"column":null}}}},"branchMap":{},"s":{"0":2,"1":5,"2":5,"3":5,"4":5,"5":2},"f":{"0":5},"b":{}}
,"/home/attilla333/code/sophiecs333/job-search/tests/unit/store/utils.ts": {"path":"/home/attilla333/code/sophiecs333/job-search/tests/unit/store/utils.ts","statementMap":{"0":{"start":{"line":1,"column":0},"end":{"line":1,"column":null}},"1":{"start":{"line":5,"column":27},"end":{"line":8,"column":null}},"2":{"start":{"line":6,"column":23},"end":{"line":6,"column":null}},"3":{"start":{"line":7,"column":2},"end":{"line":7,"column":9}},"4":{"start":{"line":5,"column":13},"end":{"line":5,"column":24}},"5":{"start":{"line":10,"column":28},"end":{"line":10,"column":29}},"6":{"start":{"line":10,"column":71},"end":{"line":10,"column":null}},"7":{"start":{"line":10,"column":13},"end":{"line":10,"column":25}},"8":{"start":{"line":16,"column":25},"end":{"line":16,"column":26}},"9":{"start":{"line":16,"column":62},"end":{"line":16,"column":null}},"10":{"start":{"line":16,"column":13},"end":{"line":16,"column":22}}},"fnMap":{"0":{"name":"(anonymous_1)","decl":{"start":{"line":5,"column":27},"end":{"line":5,"column":28}},"loc":{"start":{"line":5,"column":78},"end":{"line":8,"column":null}}},"1":{"name":"(anonymous_2)","decl":{"start":{"line":10,"column":28},"end":{"line":10,"column":29}},"loc":{"start":{"line":10,"column":71},"end":{"line":10,"column":null}}},"2":{"name":"(anonymous_3)","decl":{"start":{"line":16,"column":25},"end":{"line":16,"column":26}},"loc":{"start":{"line":16,"column":62},"end":{"line":16,"column":null}}}},"branchMap":{"0":{"loc":{"start":{"line":5,"column":28},"end":{"line":5,"column":78}},"type":"default-arg","locations":[{"start":{"line":5,"column":59},"end":{"line":5,"column":78}}]},"1":{"loc":{"start":{"line":10,"column":29},"end":{"line":10,"column":71}},"type":"default-arg","locations":[{"start":{"line":10,"column":55},"end":{"line":10,"column":71}}]},"2":{"loc":{"start":{"line":16,"column":26},"end":{"line":16,"column":62}},"type":"default-arg","locations":[{"start":{"line":16,"column":49},"end":{"line":16,"column":62}}]}},"s":{"0":3,"1":3,"2":12,"3":12,"4":3,"5":3,"6":1,"7":3,"8":3,"9":18,"10":3},"f":{"0":12,"1":1,"2":18},"b":{"0":[0],"1":[1],"2":[2]}}
}
