{"/home/attilla333/code/sophiecs333/job-search/src/api/getDegrees.ts": {"path":"/home/attilla333/code/sophiecs333/job-search/src/api/getDegrees.ts","statementMap":{"0":{"start":{"line":1,"column":0},"end":{"line":1,"column":null}},"1":{"start":{"line":5,"column":19},"end":{"line":9,"column":null}},"2":{"start":{"line":6,"column":18},"end":{"line":6,"column":null}},"3":{"start":{"line":7,"column":19},"end":{"line":7,"column":31}},"4":{"start":{"line":8,"column":2},"end":{"line":8,"column":9}},"5":{"start":{"line":11,"column":0},"end":{"line":11,"column":15}}},"fnMap":{"0":{"name":"(anonymous_1)","decl":{"start":{"line":5,"column":19},"end":{"line":5,"column":30}},"loc":{"start":{"line":5,"column":30},"end":{"line":9,"column":null}}}},"branchMap":{},"s":{"0":16,"1":16,"2":2,"3":2,"4":2,"5":16},"f":{"0":2},"b":{}}
,"/home/attilla333/code/sophiecs333/job-search/src/api/getJobs.ts": {"path":"/home/attilla333/code/sophiecs333/job-search/src/api/getJobs.ts","statementMap":{"0":{"start":{"line":1,"column":0},"end":{"line":1,"column":null}},"1":{"start":{"line":5,"column":16},"end":{"line":9,"column":null}},"2":{"start":{"line":6,"column":18},"end":{"line":6,"column":null}},"3":{"start":{"line":7,"column":19},"end":{"line":7,"column":31}},"4":{"start":{"line":8,"column":2},"end":{"line":8,"column":9}},"5":{"start":{"line":11,"column":0},"end":{"line":11,"column":15}}},"fnMap":{"0":{"name":"(anonymous_1)","decl":{"start":{"line":5,"column":16},"end":{"line":5,"column":27}},"loc":{"start":{"line":5,"column":27},"end":{"line":9,"column":null}}}},"branchMap":{},"s":{"0":16,"1":16,"2":2,"3":2,"4":2,"5":16},"f":{"0":2},"b":{}}
,"/home/attilla333/code/sophiecs333/job-search/src/components/jobresults/JobListing.vue": {"path":"/home/attilla333/code/sophiecs333/job-search/src/components/jobresults/JobListing.vue","statementMap":{"0":{"start":{"line":57,"column":0},"end":{"line":57,"column":null}},"1":{"start":{"line":60,"column":0},"end":{"line":60,"column":15}},"2":{"start":{"line":69,"column":24},"end":{"line":69,"column":33}},"3":{"start":{"line":69,"column":39},"end":{"line":69,"column":56}},"4":{"start":{"line":70,"column":4},"end":{"line":70,"column":11}}},"fnMap":{"0":{"name":"(anonymous_0)","decl":{"start":{"line":68,"column":7},"end":{"line":68,"column":8}},"loc":{"start":{"line":68,"column":13},"end":{"line":71,"column":null}}},"1":{"name":"(anonymous_1)","decl":{"start":{"line":69,"column":33},"end":{"line":69,"column":39}},"loc":{"start":{"line":69,"column":33},"end":{"line":69,"column":null}}}},"branchMap":{},"s":{"0":2,"1":2,"2":5,"3":5,"4":5},"f":{"0":5,"1":5},"b":{}}
,"/home/attilla333/code/sophiecs333/job-search/src/components/jobresults/JobListings.vue": {"path":"/home/attilla333/code/sophiecs333/job-search/src/components/jobresults/JobListings.vue","statementMap":{"0":{"start":{"line":38,"column":0},"end":{"line":38,"column":null}},"1":{"start":{"line":40,"column":0},"end":{"line":40,"column":null}},"2":{"start":{"line":41,"column":0},"end":{"line":41,"column":null}},"3":{"start":{"line":42,"column":0},"end":{"line":42,"column":null}},"4":{"start":{"line":47,"column":0},"end":{"line":47,"column":null}},"5":{"start":{"line":49,"column":0},"end":{"line":49,"column":15}},"6":{"start":{"line":55,"column":4},"end":{"line":55,"column":14}},"7":{"start":{"line":56,"column":4},"end":{"line":56,"column":14}},"8":{"start":{"line":58,"column":25},"end":{"line":58,"column":null}},"9":{"start":{"line":60,"column":24},"end":{"line":60,"column":null}},"10":{"start":{"line":62,"column":20},"end":{"line":62,"column":29}},"11":{"start":{"line":62,"column":35},"end":{"line":62,"column":39}},"12":{"start":{"line":63,"column":39},"end":{"line":63,"column":null}},"13":{"start":{"line":63,"column":24},"end":{"line":63,"column":26}},"14":{"start":{"line":63,"column":34},"end":{"line":63,"column":39}},"15":{"start":{"line":68,"column":26},"end":{"line":68,"column":35}},"16":{"start":{"line":69,"column":25},"end":{"line":69,"column":null}},"17":{"start":{"line":70,"column":28},"end":{"line":70,"column":null}},"18":{"start":{"line":71,"column":27},"end":{"line":71,"column":null}},"19":{"start":{"line":72,"column":6},"end":{"line":72,"column":13}},"20":{"start":{"line":75,"column":4},"end":{"line":75,"column":11}}},"fnMap":{"0":{"name":"(anonymous_1)","decl":{"start":{"line":54,"column":7},"end":{"line":54,"column":null}},"loc":{"start":{"line":54,"column":7},"end":{"line":76,"column":null}}},"1":{"name":"(anonymous_2)","decl":{"start":{"line":62,"column":29},"end":{"line":62,"column":35}},"loc":{"start":{"line":62,"column":29},"end":{"line":62,"column":null}}},"2":{"name":"(anonymous_3)","decl":{"start":{"line":68,"column":35},"end":{"line":68,"column":null}},"loc":{"start":{"line":68,"column":35},"end":{"line":73,"column":null}}}},"branchMap":{},"s":{"0":1,"1":1,"2":1,"3":1,"4":1,"5":1,"6":8,"7":8,"8":8,"9":8,"10":8,"11":0,"12":8,"13":8,"14":8,"15":8,"16":8,"17":8,"18":8,"19":8,"20":8},"f":{"0":8,"1":0,"2":8},"b":{}}
,"/home/attilla333/code/sophiecs333/job-search/src/components/jobresults/JobFiltersSidebar/JobFiltersSidebar.vue": {"path":"/home/attilla333/code/sophiecs333/job-search/src/components/jobresults/JobFiltersSidebar/JobFiltersSidebar.vue","statementMap":{"0":{"start":{"line":28,"column":0},"end":{"line":28,"column":null}},"1":{"start":{"line":29,"column":0},"end":{"line":29,"column":null}},"2":{"start":{"line":30,"column":0},"end":{"line":30,"column":null}},"3":{"start":{"line":32,"column":0},"end":{"line":32,"column":null}},"4":{"start":{"line":33,"column":0},"end":{"line":33,"column":null}},"5":{"start":{"line":35,"column":0},"end":{"line":35,"column":null}},"6":{"start":{"line":37,"column":0},"end":{"line":37,"column":null}},"7":{"start":{"line":38,"column":0},"end":{"line":38,"column":null}},"8":{"start":{"line":39,"column":0},"end":{"line":39,"column":null}},"9":{"start":{"line":40,"column":0},"end":{"line":40,"column":null}},"10":{"start":{"line":41,"column":0},"end":{"line":41,"column":null}},"11":{"start":{"line":43,"column":0},"end":{"line":43,"column":15}},"12":{"start":{"line":54,"column":34},"end":{"line":59,"column":null}},"13":{"start":{"line":55,"column":20},"end":{"line":55,"column":null}},"14":{"start":{"line":56,"column":19},"end":{"line":56,"column":null}},"15":{"start":{"line":57,"column":20},"end":{"line":57,"column":29}},"16":{"start":{"line":58,"column":6},"end":{"line":58,"column":11}},"17":{"start":{"line":60,"column":4},"end":{"line":60,"column":14}}},"fnMap":{"0":{"name":"(anonymous_1)","decl":{"start":{"line":53,"column":7},"end":{"line":53,"column":null}},"loc":{"start":{"line":53,"column":7},"end":{"line":61,"column":null}}},"1":{"name":"(anonymous_2)","decl":{"start":{"line":54,"column":34},"end":{"line":54,"column":null}},"loc":{"start":{"line":54,"column":34},"end":{"line":59,"column":null}}}},"branchMap":{"0":{"loc":{"start":{"line":56,"column":19},"end":{"line":56,"column":null}},"type":"binary-expr","locations":[{"start":{"line":56,"column":19},"end":{"line":56,"column":39}},{"start":{"line":56,"column":39},"end":{"line":56,"column":null}}]}},"s":{"0":1,"1":1,"2":1,"3":1,"4":1,"5":1,"6":1,"7":1,"8":1,"9":1,"10":1,"11":1,"12":2,"13":2,"14":2,"15":2,"16":2,"17":2},"f":{"0":2,"1":2},"b":{"0":[2,1]}}
,"/home/attilla333/code/sophiecs333/job-search/src/components/jobresults/JobFiltersSidebar/JobFiltersSidebarCheckboxGroup.vue": {"path":"/home/attilla333/code/sophiecs333/job-search/src/components/jobresults/JobFiltersSidebar/JobFiltersSidebarCheckboxGroup.vue","statementMap":{"0":{"start":{"line":23,"column":0},"end":{"line":23,"column":null}},"1":{"start":{"line":24,"column":0},"end":{"line":24,"column":null}},"2":{"start":{"line":25,"column":0},"end":{"line":25,"column":null}},"3":{"start":{"line":27,"column":0},"end":{"line":27,"column":null}},"4":{"start":{"line":28,"column":0},"end":{"line":28,"column":null}},"5":{"start":{"line":30,"column":0},"end":{"line":30,"column":15}},"6":{"start":{"line":43,"column":18},"end":{"line":43,"column":27}},"7":{"start":{"line":44,"column":19},"end":{"line":44,"column":null}},"8":{"start":{"line":46,"column":27},"end":{"line":46,"column":41}},"9":{"start":{"line":48,"column":4},"end":{"line":48,"column":9}},"10":{"start":{"line":49,"column":6},"end":{"line":51,"column":null}},"11":{"start":{"line":50,"column":8},"end":{"line":50,"column":22}},"12":{"start":{"line":54,"column":24},"end":{"line":57,"column":null}},"13":{"start":{"line":55,"column":6},"end":{"line":55,"column":11}},"14":{"start":{"line":56,"column":6},"end":{"line":56,"column":12}},"15":{"start":{"line":59,"column":4},"end":{"line":59,"column":11}}},"fnMap":{"0":{"name":"(anonymous_0)","decl":{"start":{"line":42,"column":2},"end":{"line":42,"column":7}},"loc":{"start":{"line":42,"column":13},"end":{"line":60,"column":null}}},"1":{"name":"(anonymous_1)","decl":{"start":{"line":48,"column":20},"end":{"line":48,"column":21}},"loc":{"start":{"line":48,"column":29},"end":{"line":52,"column":null}}},"2":{"name":"(anonymous_2)","decl":{"start":{"line":54,"column":24},"end":{"line":54,"column":null}},"loc":{"start":{"line":54,"column":24},"end":{"line":57,"column":null}}}},"branchMap":{"0":{"loc":{"start":{"line":49,"column":6},"end":{"line":51,"column":null}},"type":"if","locations":[{"start":{"line":49,"column":6},"end":{"line":51,"column":null}}]}},"s":{"0":5,"1":5,"2":5,"3":5,"4":5,"5":5,"6":3,"7":3,"8":3,"9":3,"10":0,"11":0,"12":3,"13":2,"14":2,"15":3},"f":{"0":3,"1":0,"2":2},"b":{"0":[0]}}
,"/home/attilla333/code/sophiecs333/job-search/src/components/jobresults/JobFiltersSidebar/JobFiltersSidebarDegrees.vue": {"path":"/home/attilla333/code/sophiecs333/job-search/src/components/jobresults/JobFiltersSidebar/JobFiltersSidebarDegrees.vue","statementMap":{"0":{"start":{"line":10,"column":0},"end":{"line":10,"column":null}},"1":{"start":{"line":12,"column":0},"end":{"line":12,"column":null}},"2":{"start":{"line":13,"column":0},"end":{"line":13,"column":null}},"3":{"start":{"line":15,"column":0},"end":{"line":15,"column":null}},"4":{"start":{"line":17,"column":0},"end":{"line":17,"column":15}},"5":{"start":{"line":23,"column":26},"end":{"line":23,"column":null}},"6":{"start":{"line":24,"column":4},"end":{"line":24,"column":11}}},"fnMap":{"0":{"name":"(anonymous_1)","decl":{"start":{"line":22,"column":7},"end":{"line":22,"column":null}},"loc":{"start":{"line":22,"column":7},"end":{"line":25,"column":null}}}},"branchMap":{},"s":{"0":2,"1":2,"2":2,"3":2,"4":2,"5":1,"6":1},"f":{"0":1},"b":{}}
,"/home/attilla333/code/sophiecs333/job-search/src/components/jobresults/JobFiltersSidebar/JobFiltersSidebarJobTypes.vue": {"path":"/home/attilla333/code/sophiecs333/job-search/src/components/jobresults/JobFiltersSidebar/JobFiltersSidebarJobTypes.vue","statementMap":{"0":{"start":{"line":10,"column":0},"end":{"line":10,"column":null}},"1":{"start":{"line":12,"column":0},"end":{"line":12,"column":null}},"2":{"start":{"line":13,"column":0},"end":{"line":13,"column":null}},"3":{"start":{"line":15,"column":0},"end":{"line":15,"column":null}},"4":{"start":{"line":17,"column":0},"end":{"line":17,"column":15}},"5":{"start":{"line":23,"column":27},"end":{"line":23,"column":null}},"6":{"start":{"line":24,"column":4},"end":{"line":24,"column":11}}},"fnMap":{"0":{"name":"(anonymous_1)","decl":{"start":{"line":22,"column":7},"end":{"line":22,"column":null}},"loc":{"start":{"line":22,"column":7},"end":{"line":25,"column":null}}}},"branchMap":{},"s":{"0":2,"1":2,"2":2,"3":2,"4":2,"5":1,"6":1},"f":{"0":1},"b":{}}
,"/home/attilla333/code/sophiecs333/job-search/src/components/jobresults/JobFiltersSidebar/JobFiltersSidebarOrganizations.vue": {"path":"/home/attilla333/code/sophiecs333/job-search/src/components/jobresults/JobFiltersSidebar/JobFiltersSidebarOrganizations.vue","statementMap":{"0":{"start":{"line":10,"column":0},"end":{"line":10,"column":null}},"1":{"start":{"line":12,"column":0},"end":{"line":12,"column":null}},"2":{"start":{"line":14,"column":0},"end":{"line":14,"column":null}},"3":{"start":{"line":15,"column":0},"end":{"line":15,"column":null}},"4":{"start":{"line":17,"column":0},"end":{"line":17,"column":15}},"5":{"start":{"line":23,"column":32},"end":{"line":23,"column":null}},"6":{"start":{"line":24,"column":4},"end":{"line":24,"column":11}}},"fnMap":{"0":{"name":"(anonymous_1)","decl":{"start":{"line":22,"column":7},"end":{"line":22,"column":null}},"loc":{"start":{"line":22,"column":7},"end":{"line":25,"column":null}}}},"branchMap":{},"s":{"0":2,"1":2,"2":2,"3":2,"4":2,"5":1,"6":1},"f":{"0":1},"b":{}}
,"/home/attilla333/code/sophiecs333/job-search/src/components/jobresults/JobFiltersSidebar/JobFiltersSidebarPrompt.vue": {"path":"/home/attilla333/code/sophiecs333/job-search/src/components/jobresults/JobFiltersSidebar/JobFiltersSidebarPrompt.vue","statementMap":{"0":{"start":{"line":16,"column":0},"end":{"line":16,"column":null}},"1":{"start":{"line":17,"column":0},"end":{"line":17,"column":null}},"2":{"start":{"line":19,"column":0},"end":{"line":19,"column":null}},"3":{"start":{"line":21,"column":0},"end":{"line":21,"column":null}},"4":{"start":{"line":23,"column":0},"end":{"line":23,"column":null}},"5":{"start":{"line":25,"column":0},"end":{"line":25,"column":15}},"6":{"start":{"line":29,"column":18},"end":{"line":29,"column":27}},"7":{"start":{"line":30,"column":41},"end":{"line":31,"column":null}},"8":{"start":{"line":31,"column":6},"end":{"line":31,"column":11}},"9":{"start":{"line":33,"column":4},"end":{"line":33,"column":11}}},"fnMap":{"0":{"name":"(anonymous_1)","decl":{"start":{"line":28,"column":7},"end":{"line":28,"column":null}},"loc":{"start":{"line":28,"column":7},"end":{"line":36,"column":null}}},"1":{"name":"(anonymous_2)","decl":{"start":{"line":30,"column":41},"end":{"line":30,"column":null}},"loc":{"start":{"line":30,"column":41},"end":{"line":31,"column":null}}}},"branchMap":{},"s":{"0":2,"1":2,"2":2,"3":2,"4":2,"5":2,"6":1,"7":1,"8":1,"9":1},"f":{"0":1,"1":1},"b":{}}
,"/home/attilla333/code/sophiecs333/job-search/src/components/jobresults/JobFiltersSidebar/JobFiltersSidebarSkills.vue": {"path":"/home/attilla333/code/sophiecs333/job-search/src/components/jobresults/JobFiltersSidebar/JobFiltersSidebarSkills.vue","statementMap":{"0":{"start":{"line":14,"column":0},"end":{"line":14,"column":null}},"1":{"start":{"line":15,"column":0},"end":{"line":15,"column":null}},"2":{"start":{"line":17,"column":0},"end":{"line":17,"column":null}},"3":{"start":{"line":18,"column":0},"end":{"line":18,"column":null}},"4":{"start":{"line":20,"column":0},"end":{"line":20,"column":15}},"5":{"start":{"line":23,"column":18},"end":{"line":23,"column":27}},"6":{"start":{"line":24,"column":29},"end":{"line":24,"column":38}},"7":{"start":{"line":26,"column":8},"end":{"line":26,"column":15}},"8":{"start":{"line":29,"column":8},"end":{"line":29,"column":13}},"9":{"start":{"line":32,"column":4},"end":{"line":32,"column":11}}},"fnMap":{"0":{"name":"(anonymous_0)","decl":{"start":{"line":22,"column":7},"end":{"line":22,"column":null}},"loc":{"start":{"line":22,"column":7},"end":{"line":33,"column":null}}},"1":{"name":"(anonymous_1)","decl":{"start":{"line":25,"column":9},"end":{"line":25,"column":null}},"loc":{"start":{"line":25,"column":9},"end":{"line":27,"column":null}}},"2":{"name":"(anonymous_2)","decl":{"start":{"line":28,"column":9},"end":{"line":28,"column":10}},"loc":{"start":{"line":28,"column":15},"end":{"line":30,"column":null}}}},"branchMap":{},"s":{"0":2,"1":2,"2":2,"3":2,"4":2,"5":3,"6":3,"7":3,"8":2,"9":3},"f":{"0":3,"1":3,"2":2},"b":{}}
,"/home/attilla333/code/sophiecs333/job-search/src/components/jobsearch/Headline.vue": {"path":"/home/attilla333/code/sophiecs333/job-search/src/components/jobsearch/Headline.vue","statementMap":{"0":{"start":{"line":16,"column":0},"end":{"line":16,"column":null}},"1":{"start":{"line":17,"column":0},"end":{"line":17,"column":null}},"2":{"start":{"line":28,"column":0},"end":{"line":28,"column":15}},"3":{"start":{"line":31,"column":4},"end":{"line":31,"column":11}},"4":{"start":{"line":38,"column":6},"end":{"line":38,"column":null}},"5":{"start":{"line":44,"column":4},"end":{"line":44,"column":9}},"6":{"start":{"line":47,"column":4},"end":{"line":47,"column":17}},"7":{"start":{"line":50,"column":4},"end":{"line":50,"column":15}},"8":{"start":{"line":51,"column":6},"end":{"line":51,"column":11}},"9":{"start":{"line":52,"column":24},"end":{"line":52,"column":25}},"10":{"start":{"line":53,"column":8},"end":{"line":53,"column":12}}},"fnMap":{"0":{"name":"(anonymous_1)","decl":{"start":{"line":30,"column":2},"end":{"line":30,"column":6}},"loc":{"start":{"line":30,"column":2},"end":{"line":35,"column":null}}},"1":{"name":"(anonymous_2)","decl":{"start":{"line":37,"column":4},"end":{"line":37,"column":17}},"loc":{"start":{"line":37,"column":4},"end":{"line":41,"column":null}}},"2":{"name":"(anonymous_3)","decl":{"start":{"line":43,"column":9},"end":{"line":43,"column":null}},"loc":{"start":{"line":43,"column":9},"end":{"line":45,"column":null}}},"3":{"name":"(anonymous_4)","decl":{"start":{"line":46,"column":15},"end":{"line":46,"column":null}},"loc":{"start":{"line":46,"column":15},"end":{"line":48,"column":null}}},"4":{"name":"(anonymous_5)","decl":{"start":{"line":50,"column":15},"end":{"line":50,"column":null}},"loc":{"start":{"line":50,"column":15},"end":{"line":55,"column":null}}},"5":{"name":"(anonymous_6)","decl":{"start":{"line":51,"column":34},"end":{"line":51,"column":null}},"loc":{"start":{"line":51,"column":34},"end":{"line":54,"column":9}}}},"branchMap":{},"s":{"0":1,"1":1,"2":1,"3":4,"4":7,"5":4,"6":1,"7":4,"8":4,"9":3,"10":3},"f":{"0":4,"1":7,"2":4,"3":1,"4":4,"5":3},"b":{}}
,"/home/attilla333/code/sophiecs333/job-search/src/components/jobsearch/JobSearchForm.vue": {"path":"/home/attilla333/code/sophiecs333/job-search/src/components/jobsearch/JobSearchForm.vue","statementMap":{"0":{"start":{"line":41,"column":0},"end":{"line":41,"column":null}},"1":{"start":{"line":42,"column":0},"end":{"line":42,"column":null}},"2":{"start":{"line":44,"column":0},"end":{"line":44,"column":null}},"3":{"start":{"line":45,"column":0},"end":{"line":45,"column":null}},"4":{"start":{"line":47,"column":0},"end":{"line":47,"column":15}},"5":{"start":{"line":54,"column":19},"end":{"line":54,"column":null}},"6":{"start":{"line":56,"column":17},"end":{"line":56,"column":21}},"7":{"start":{"line":57,"column":21},"end":{"line":57,"column":25}},"8":{"start":{"line":59,"column":26},"end":{"line":64,"column":null}},"9":{"start":{"line":60,"column":6},"end":{"line":60,"column":12}},"10":{"start":{"line":66,"column":4},"end":{"line":66,"column":11}}},"fnMap":{"0":{"name":"(anonymous_1)","decl":{"start":{"line":53,"column":7},"end":{"line":53,"column":null}},"loc":{"start":{"line":53,"column":7},"end":{"line":67,"column":null}}},"1":{"name":"(anonymous_2)","decl":{"start":{"line":59,"column":26},"end":{"line":59,"column":null}},"loc":{"start":{"line":59,"column":26},"end":{"line":64,"column":null}}}},"branchMap":{},"s":{"0":1,"1":1,"2":1,"3":1,"4":1,"5":1,"6":1,"7":1,"8":1,"9":1,"10":1},"f":{"0":1,"1":1},"b":{}}
,"/home/attilla333/code/sophiecs333/job-search/src/components/jobsearch/Spotlight.vue": {"path":"/home/attilla333/code/sophiecs333/job-search/src/components/jobsearch/Spotlight.vue","statementMap":{"0":{"start":{"line":14,"column":0},"end":{"line":14,"column":null}},"1":{"start":{"line":15,"column":0},"end":{"line":15,"column":null}},"2":{"start":{"line":24,"column":0},"end":{"line":24,"column":15}},"3":{"start":{"line":26,"column":2},"end":{"line":26,"column":7}},"4":{"start":{"line":27,"column":23},"end":{"line":27,"column":40}},"5":{"start":{"line":29,"column":26},"end":{"line":34,"column":null}},"6":{"start":{"line":29,"column":26},"end":{"line":29,"column":null}},"7":{"start":{"line":30,"column":12},"end":{"line":30,"column":19}},"8":{"start":{"line":31,"column":12},"end":{"line":31,"column":15}},"9":{"start":{"line":32,"column":23},"end":{"line":32,"column":29}},"10":{"start":{"line":32,"column":12},"end":{"line":32,"column":20}},"11":{"start":{"line":33,"column":6},"end":{"line":33,"column":16}},"12":{"start":{"line":35,"column":4},"end":{"line":35,"column":14}},"13":{"start":{"line":37,"column":4},"end":{"line":37,"column":11}}},"fnMap":{"0":{"name":"(anonymous_14)","decl":{"start":{"line":26,"column":2},"end":{"line":26,"column":7}},"loc":{"start":{"line":26,"column":2},"end":{"line":38,"column":null}}},"1":{"name":"(anonymous_15)","decl":{"start":{"line":29,"column":26},"end":{"line":29,"column":null}},"loc":{"start":{"line":29,"column":26},"end":{"line":34,"column":null}}}},"branchMap":{},"s":{"0":1,"1":1,"2":1,"3":3,"4":3,"5":3,"6":3,"7":3,"8":3,"9":3,"10":3,"11":3,"12":3,"13":3},"f":{"0":3,"1":6},"b":{}}
,"/home/attilla333/code/sophiecs333/job-search/src/components/navigation/MainNav.vue": {"path":"/home/attilla333/code/sophiecs333/job-search/src/components/navigation/MainNav.vue","statementMap":{"0":{"start":{"line":47,"column":0},"end":{"line":47,"column":null}},"1":{"start":{"line":48,"column":0},"end":{"line":48,"column":null}},"2":{"start":{"line":50,"column":0},"end":{"line":50,"column":null}},"3":{"start":{"line":51,"column":0},"end":{"line":51,"column":null}},"4":{"start":{"line":52,"column":0},"end":{"line":52,"column":null}},"5":{"start":{"line":54,"column":0},"end":{"line":54,"column":null}},"6":{"start":{"line":56,"column":0},"end":{"line":56,"column":15}},"7":{"start":{"line":64,"column":4},"end":{"line":64,"column":11}},"8":{"start":{"line":77,"column":6},"end":{"line":77,"column":13}}},"fnMap":{"0":{"name":"(anonymous_3)","decl":{"start":{"line":63,"column":6},"end":{"line":63,"column":null}},"loc":{"start":{"line":63,"column":6},"end":{"line":74,"column":null}}},"1":{"name":"(anonymous_4)","decl":{"start":{"line":76,"column":21},"end":{"line":76,"column":null}},"loc":{"start":{"line":76,"column":21},"end":{"line":81,"column":null}}}},"branchMap":{},"s":{"0":1,"1":1,"2":1,"3":1,"4":1,"5":1,"6":1,"7":6,"8":6},"f":{"0":6,"1":6},"b":{}}
,"/home/attilla333/code/sophiecs333/job-search/src/components/navigation/ProfileImage.vue": {"path":"/home/attilla333/code/sophiecs333/job-search/src/components/navigation/ProfileImage.vue","statementMap":{"0":{"start":{"line":6,"column":0},"end":{"line":6,"column":null}},"1":{"start":{"line":8,"column":0},"end":{"line":8,"column":15}},"2":{"start":{"line":11,"column":4},"end":{"line":11,"column":11}}},"fnMap":{"0":{"name":"(anonymous_0)","decl":{"start":{"line":10,"column":6},"end":{"line":10,"column":null}},"loc":{"start":{"line":10,"column":6},"end":{"line":15,"column":null}}}},"branchMap":{},"s":{"0":2,"1":2,"2":1},"f":{"0":1},"b":{}}
,"/home/attilla333/code/sophiecs333/job-search/src/components/navigation/Subnav.vue": {"path":"/home/attilla333/code/sophiecs333/job-search/src/components/navigation/Subnav.vue","statementMap":{"0":{"start":{"line":16,"column":0},"end":{"line":16,"column":null}},"1":{"start":{"line":21,"column":0},"end":{"line":21,"column":null}},"2":{"start":{"line":22,"column":0},"end":{"line":22,"column":null}},"3":{"start":{"line":26,"column":0},"end":{"line":26,"column":15}},"4":{"start":{"line":29,"column":26},"end":{"line":29,"column":null}},"5":{"start":{"line":33,"column":29},"end":{"line":33,"column":45}},"6":{"start":{"line":37,"column":4},"end":{"line":37,"column":11}}},"fnMap":{"0":{"name":"(anonymous_1)","decl":{"start":{"line":28,"column":7},"end":{"line":28,"column":null}},"loc":{"start":{"line":28,"column":7},"end":{"line":38,"column":null}}}},"branchMap":{},"s":{"0":2,"1":2,"2":2,"3":2,"4":2,"5":2,"6":2},"f":{"0":2},"b":{}}
,"/home/attilla333/code/sophiecs333/job-search/src/components/shared/Accordion.vue": {"path":"/home/attilla333/code/sophiecs333/job-search/src/components/shared/Accordion.vue","statementMap":{"0":{"start":{"line":19,"column":0},"end":{"line":19,"column":null}},"1":{"start":{"line":21,"column":0},"end":{"line":21,"column":15}},"2":{"start":{"line":30,"column":19},"end":{"line":30,"column":23}},"3":{"start":{"line":32,"column":17},"end":{"line":34,"column":null}},"4":{"start":{"line":33,"column":6},"end":{"line":33,"column":12}},"5":{"start":{"line":36,"column":22},"end":{"line":36,"column":31}},"6":{"start":{"line":37,"column":6},"end":{"line":37,"column":12}},"7":{"start":{"line":40,"column":4},"end":{"line":40,"column":11}}},"fnMap":{"0":{"name":"(anonymous_0)","decl":{"start":{"line":29,"column":7},"end":{"line":29,"column":null}},"loc":{"start":{"line":29,"column":7},"end":{"line":41,"column":null}}},"1":{"name":"(anonymous_1)","decl":{"start":{"line":32,"column":17},"end":{"line":32,"column":null}},"loc":{"start":{"line":32,"column":17},"end":{"line":34,"column":null}}},"2":{"name":"(anonymous_2)","decl":{"start":{"line":36,"column":31},"end":{"line":36,"column":null}},"loc":{"start":{"line":36,"column":31},"end":{"line":37,"column":null}}}},"branchMap":{"0":{"loc":{"start":{"line":37,"column":6},"end":{"line":37,"column":44}},"type":"cond-expr","locations":[{"start":{"line":37,"column":21},"end":{"line":37,"column":22}},{"start":{"line":37,"column":43},"end":{"line":37,"column":44}}]}},"s":{"0":2,"1":2,"2":2,"3":2,"4":2,"5":2,"6":4,"7":2},"f":{"0":2,"1":2,"2":4},"b":{"0":[2,2]}}
,"/home/attilla333/code/sophiecs333/job-search/src/components/shared/ActionButton.vue": {"path":"/home/attilla333/code/sophiecs333/job-search/src/components/shared/ActionButton.vue","statementMap":{"0":{"start":{"line":8,"column":0},"end":{"line":8,"column":null}},"1":{"start":{"line":10,"column":0},"end":{"line":10,"column":15}},"2":{"start":{"line":22,"column":8},"end":{"line":22,"column":15}},"3":{"start":{"line":27,"column":21},"end":{"line":27,"column":null}},"4":{"start":{"line":29,"column":24},"end":{"line":29,"column":33}},"5":{"start":{"line":30,"column":6},"end":{"line":30,"column":null}},"6":{"start":{"line":34,"column":4},"end":{"line":34,"column":11}}},"fnMap":{"0":{"name":"(anonymous_0)","decl":{"start":{"line":21,"column":17},"end":{"line":21,"column":18}},"loc":{"start":{"line":21,"column":31},"end":{"line":23,"column":null}}},"1":{"name":"(anonymous_1)","decl":{"start":{"line":26,"column":7},"end":{"line":26,"column":8}},"loc":{"start":{"line":26,"column":13},"end":{"line":35,"column":null}}},"2":{"name":"(anonymous_2)","decl":{"start":{"line":29,"column":33},"end":{"line":29,"column":null}},"loc":{"start":{"line":29,"column":33},"end":{"line":33,"column":null}}}},"branchMap":{},"s":{"0":5,"1":5,"2":8,"3":4,"4":4,"5":4,"6":4},"f":{"0":8,"1":4,"2":4},"b":{}}
,"/home/attilla333/code/sophiecs333/job-search/src/components/shared/HeaderContainer.vue": {"path":"/home/attilla333/code/sophiecs333/job-search/src/components/shared/HeaderContainer.vue","statementMap":{"0":{"start":{"line":11,"column":0},"end":{"line":11,"column":null}},"1":{"start":{"line":13,"column":0},"end":{"line":13,"column":15}}},"fnMap":{},"branchMap":{},"s":{"0":1,"1":1},"f":{},"b":{}}
,"/home/attilla333/code/sophiecs333/job-search/src/components/shared/TextInput.vue": {"path":"/home/attilla333/code/sophiecs333/job-search/src/components/shared/TextInput.vue","statementMap":{"0":{"start":{"line":12,"column":0},"end":{"line":12,"column":null}},"1":{"start":{"line":14,"column":0},"end":{"line":14,"column":15}},"2":{"start":{"line":30,"column":21},"end":{"line":30,"column":null}},"3":{"start":{"line":31,"column":6},"end":{"line":31,"column":11}}},"fnMap":{"0":{"name":"(anonymous_0)","decl":{"start":{"line":29,"column":4},"end":{"line":29,"column":15}},"loc":{"start":{"line":29,"column":29},"end":{"line":32,"column":null}}}},"branchMap":{},"s":{"0":2,"1":2,"2":5,"3":5},"f":{"0":5},"b":{}}
,"/home/attilla333/code/sophiecs333/job-search/src/composables/useConfirmRoute.ts": {"path":"/home/attilla333/code/sophiecs333/job-search/src/composables/useConfirmRoute.ts","statementMap":{"0":{"start":{"line":1,"column":0},"end":{"line":1,"column":null}},"1":{"start":{"line":2,"column":0},"end":{"line":2,"column":null}},"2":{"start":{"line":4,"column":25},"end":{"line":7,"column":null}},"3":{"start":{"line":5,"column":16},"end":{"line":5,"column":null}},"4":{"start":{"line":6,"column":2},"end":{"line":6,"column":9}},"5":{"start":{"line":6,"column":24},"end":{"line":6,"column":null}},"6":{"start":{"line":9,"column":0},"end":{"line":9,"column":15}}},"fnMap":{"0":{"name":"(anonymous_0)","decl":{"start":{"line":4,"column":25},"end":{"line":4,"column":46}},"loc":{"start":{"line":4,"column":46},"end":{"line":7,"column":null}}},"1":{"name":"(anonymous_1)","decl":{"start":{"line":6,"column":18},"end":{"line":6,"column":24}},"loc":{"start":{"line":6,"column":24},"end":{"line":6,"column":null}}}},"branchMap":{},"s":{"0":3,"1":3,"2":3,"3":1,"4":1,"5":1,"6":3},"f":{"0":1,"1":1},"b":{}}
,"/home/attilla333/code/sophiecs333/job-search/src/composables/useCurrentPage.ts": {"path":"/home/attilla333/code/sophiecs333/job-search/src/composables/useCurrentPage.ts","statementMap":{"0":{"start":{"line":1,"column":0},"end":{"line":1,"column":null}},"1":{"start":{"line":2,"column":0},"end":{"line":2,"column":null}},"2":{"start":{"line":4,"column":23},"end":{"line":8,"column":null}},"3":{"start":{"line":5,"column":16},"end":{"line":5,"column":null}},"4":{"start":{"line":6,"column":15},"end":{"line":6,"column":null}},"5":{"start":{"line":7,"column":2},"end":{"line":7,"column":9}},"6":{"start":{"line":7,"column":24},"end":{"line":7,"column":30}},"7":{"start":{"line":10,"column":0},"end":{"line":10,"column":15}}},"fnMap":{"0":{"name":"(anonymous_0)","decl":{"start":{"line":4,"column":23},"end":{"line":4,"column":28}},"loc":{"start":{"line":4,"column":28},"end":{"line":8,"column":null}}},"1":{"name":"(anonymous_1)","decl":{"start":{"line":7,"column":18},"end":{"line":7,"column":24}},"loc":{"start":{"line":7,"column":24},"end":{"line":7,"column":30}}}},"branchMap":{"0":{"loc":{"start":{"line":7,"column":40},"end":{"line":7,"column":null}},"type":"binary-expr","locations":[{"start":{"line":7,"column":40},"end":{"line":7,"column":44}},{"start":{"line":7,"column":48},"end":{"line":7,"column":null}}]}},"s":{"0":2,"1":2,"2":2,"3":2,"4":2,"5":2,"6":2,"7":2},"f":{"0":2,"1":2},"b":{"0":[2,1]}}
,"/home/attilla333/code/sophiecs333/job-search/src/composables/usePreviousAndNextPages.ts": {"path":"/home/attilla333/code/sophiecs333/job-search/src/composables/usePreviousAndNextPages.ts","statementMap":{"0":{"start":{"line":1,"column":0},"end":{"line":1,"column":null}},"1":{"start":{"line":7,"column":32},"end":{"line":23,"column":null}},"2":{"start":{"line":11,"column":23},"end":{"line":11,"column":32}},"3":{"start":{"line":12,"column":25},"end":{"line":12,"column":null}},"4":{"start":{"line":13,"column":22},"end":{"line":13,"column":null}},"5":{"start":{"line":14,"column":4},"end":{"line":14,"column":11}},"6":{"start":{"line":17,"column":19},"end":{"line":17,"column":28}},"7":{"start":{"line":18,"column":21},"end":{"line":18,"column":null}},"8":{"start":{"line":19,"column":4},"end":{"line":19,"column":11}},"9":{"start":{"line":22,"column":2},"end":{"line":22,"column":9}},"10":{"start":{"line":25,"column":0},"end":{"line":25,"column":15}}},"fnMap":{"0":{"name":"(anonymous_0)","decl":{"start":{"line":7,"column":32},"end":{"line":7,"column":null}},"loc":{"start":{"line":10,"column":4},"end":{"line":23,"column":null}}},"1":{"name":"(anonymous_1)","decl":{"start":{"line":11,"column":32},"end":{"line":11,"column":37}},"loc":{"start":{"line":11,"column":37},"end":{"line":15,"column":null}}},"2":{"name":"(anonymous_2)","decl":{"start":{"line":17,"column":28},"end":{"line":17,"column":33}},"loc":{"start":{"line":17,"column":33},"end":{"line":20,"column":null}}}},"branchMap":{"0":{"loc":{"start":{"line":14,"column":11},"end":{"line":14,"column":null}},"type":"cond-expr","locations":[{"start":{"line":14,"column":39},"end":{"line":14,"column":54}},{"start":{"line":14,"column":54},"end":{"line":14,"column":null}}]},"1":{"loc":{"start":{"line":19,"column":11},"end":{"line":19,"column":null}},"type":"cond-expr","locations":[{"start":{"line":19,"column":39},"end":{"line":19,"column":50}},{"start":{"line":19,"column":50},"end":{"line":19,"column":null}}]}},"s":{"0":2,"1":2,"2":4,"3":2,"4":2,"5":2,"6":4,"7":2,"8":2,"9":4,"10":2},"f":{"0":4,"1":2,"2":2},"b":{"0":[1,1],"1":[1,1]}}
,"/home/attilla333/code/sophiecs333/job-search/src/store/actions.ts": {"path":"/home/attilla333/code/sophiecs333/job-search/src/store/actions.ts","statementMap":{"0":{"start":{"line":2,"column":0},"end":{"line":2,"column":null}},"1":{"start":{"line":3,"column":0},"end":{"line":3,"column":null}},"2":{"start":{"line":4,"column":0},"end":{"line":4,"column":null}},"3":{"start":{"line":15,"column":16},"end":{"line":15,"column":null}},"4":{"start":{"line":17,"column":24},"end":{"line":17,"column":null}},"5":{"start":{"line":18,"column":4},"end":{"line":18,"column":11}},"6":{"start":{"line":21,"column":20},"end":{"line":21,"column":null}},"7":{"start":{"line":22,"column":4},"end":{"line":22,"column":11}},"8":{"start":{"line":26,"column":0},"end":{"line":26,"column":15}}},"fnMap":{"0":{"name":"(anonymous_1)","decl":{"start":{"line":16,"column":16},"end":{"line":16,"column":23}},"loc":{"start":{"line":16,"column":43},"end":{"line":19,"column":null}}},"1":{"name":"(anonymous_2)","decl":{"start":{"line":20,"column":19},"end":{"line":20,"column":26}},"loc":{"start":{"line":20,"column":46},"end":{"line":23,"column":null}}}},"branchMap":{},"s":{"0":15,"1":15,"2":15,"3":15,"4":2,"5":2,"6":2,"7":2,"8":15},"f":{"0":2,"1":2},"b":{}}
,"/home/attilla333/code/sophiecs333/job-search/src/store/composables.ts": {"path":"/home/attilla333/code/sophiecs333/job-search/src/store/composables.ts","statementMap":{"0":{"start":{"line":1,"column":0},"end":{"line":1,"column":null}},"1":{"start":{"line":2,"column":0},"end":{"line":2,"column":null}},"2":{"start":{"line":4,"column":0},"end":{"line":4,"column":null}},"3":{"start":{"line":15,"column":0},"end":{"line":15,"column":null}},"4":{"start":{"line":18,"column":31},"end":{"line":21,"column":null}},"5":{"start":{"line":19,"column":16},"end":{"line":19,"column":25}},"6":{"start":{"line":20,"column":2},"end":{"line":20,"column":9}},"7":{"start":{"line":20,"column":31},"end":{"line":20,"column":36}},"8":{"start":{"line":18,"column":13},"end":{"line":18,"column":28}},"9":{"start":{"line":23,"column":33},"end":{"line":26,"column":null}},"10":{"start":{"line":24,"column":16},"end":{"line":24,"column":25}},"11":{"start":{"line":25,"column":2},"end":{"line":25,"column":9}},"12":{"start":{"line":25,"column":37},"end":{"line":25,"column":42}},"13":{"start":{"line":23,"column":13},"end":{"line":23,"column":30}},"14":{"start":{"line":28,"column":38},"end":{"line":31,"column":null}},"15":{"start":{"line":29,"column":16},"end":{"line":29,"column":25}},"16":{"start":{"line":30,"column":2},"end":{"line":30,"column":9}},"17":{"start":{"line":30,"column":37},"end":{"line":30,"column":42}},"18":{"start":{"line":28,"column":13},"end":{"line":28,"column":35}},"19":{"start":{"line":33,"column":32},"end":{"line":36,"column":null}},"20":{"start":{"line":34,"column":16},"end":{"line":34,"column":25}},"21":{"start":{"line":35,"column":2},"end":{"line":35,"column":9}},"22":{"start":{"line":35,"column":34},"end":{"line":35,"column":39}},"23":{"start":{"line":33,"column":13},"end":{"line":33,"column":29}},"24":{"start":{"line":39,"column":36},"end":{"line":42,"column":null}},"25":{"start":{"line":40,"column":16},"end":{"line":40,"column":25}},"26":{"start":{"line":41,"column":2},"end":{"line":41,"column":7}},"27":{"start":{"line":39,"column":13},"end":{"line":39,"column":33}},"28":{"start":{"line":44,"column":39},"end":{"line":47,"column":null}},"29":{"start":{"line":45,"column":16},"end":{"line":45,"column":25}},"30":{"start":{"line":46,"column":2},"end":{"line":46,"column":7}},"31":{"start":{"line":44,"column":13},"end":{"line":44,"column":36}}},"fnMap":{"0":{"name":"(anonymous_0)","decl":{"start":{"line":18,"column":31},"end":{"line":18,"column":36}},"loc":{"start":{"line":18,"column":36},"end":{"line":21,"column":null}}},"1":{"name":"(anonymous_1)","decl":{"start":{"line":20,"column":25},"end":{"line":20,"column":31}},"loc":{"start":{"line":20,"column":31},"end":{"line":20,"column":36}}},"2":{"name":"(anonymous_2)","decl":{"start":{"line":23,"column":33},"end":{"line":23,"column":38}},"loc":{"start":{"line":23,"column":38},"end":{"line":26,"column":null}}},"3":{"name":"(anonymous_3)","decl":{"start":{"line":25,"column":31},"end":{"line":25,"column":37}},"loc":{"start":{"line":25,"column":37},"end":{"line":25,"column":42}}},"4":{"name":"(anonymous_4)","decl":{"start":{"line":28,"column":38},"end":{"line":28,"column":43}},"loc":{"start":{"line":28,"column":43},"end":{"line":31,"column":null}}},"5":{"name":"(anonymous_5)","decl":{"start":{"line":30,"column":31},"end":{"line":30,"column":37}},"loc":{"start":{"line":30,"column":37},"end":{"line":30,"column":42}}},"6":{"name":"(anonymous_6)","decl":{"start":{"line":33,"column":32},"end":{"line":33,"column":37}},"loc":{"start":{"line":33,"column":37},"end":{"line":36,"column":null}}},"7":{"name":"(anonymous_7)","decl":{"start":{"line":35,"column":28},"end":{"line":35,"column":34}},"loc":{"start":{"line":35,"column":34},"end":{"line":35,"column":39}}},"8":{"name":"(anonymous_8)","decl":{"start":{"line":39,"column":36},"end":{"line":39,"column":41}},"loc":{"start":{"line":39,"column":41},"end":{"line":42,"column":null}}},"9":{"name":"(anonymous_9)","decl":{"start":{"line":44,"column":39},"end":{"line":44,"column":44}},"loc":{"start":{"line":44,"column":44},"end":{"line":47,"column":null}}}},"branchMap":{},"s":{"0":8,"1":8,"2":8,"3":8,"4":8,"5":1,"6":1,"7":1,"8":8,"9":8,"10":1,"11":1,"12":1,"13":8,"14":8,"15":1,"16":1,"17":1,"18":8,"19":8,"20":1,"21":1,"22":1,"23":8,"24":8,"25":1,"26":1,"27":8,"28":8,"29":1,"30":1,"31":8},"f":{"0":1,"1":1,"2":1,"3":1,"4":1,"5":1,"6":1,"7":1,"8":1,"9":1},"b":{}}
,"/home/attilla333/code/sophiecs333/job-search/src/store/constants.ts": {"path":"/home/attilla333/code/sophiecs333/job-search/src/store/constants.ts","statementMap":{"0":{"start":{"line":2,"column":13},"end":{"line":2,"column":26}},"1":{"start":{"line":5,"column":13},"end":{"line":5,"column":28}},"2":{"start":{"line":6,"column":13},"end":{"line":6,"column":26}},"3":{"start":{"line":7,"column":13},"end":{"line":7,"column":29}},"4":{"start":{"line":8,"column":13},"end":{"line":8,"column":null}},"5":{"start":{"line":12,"column":13},"end":{"line":12,"column":41}},"6":{"start":{"line":13,"column":13},"end":{"line":13,"column":36}},"7":{"start":{"line":16,"column":13},"end":{"line":16,"column":36}},"8":{"start":{"line":17,"column":13},"end":{"line":17,"column":42}},"9":{"start":{"line":18,"column":13},"end":{"line":18,"column":43}},"10":{"start":{"line":21,"column":13},"end":{"line":21,"column":32}},"11":{"start":{"line":22,"column":13},"end":{"line":22,"column":38}},"12":{"start":{"line":23,"column":13},"end":{"line":23,"column":39}},"13":{"start":{"line":26,"column":13},"end":{"line":26,"column":30}},"14":{"start":{"line":27,"column":13},"end":{"line":27,"column":29}},"15":{"start":{"line":28,"column":13},"end":{"line":28,"column":31}},"16":{"start":{"line":29,"column":13},"end":{"line":29,"column":36}},"17":{"start":{"line":30,"column":13},"end":{"line":30,"column":37}}},"fnMap":{},"branchMap":{},"s":{"0":17,"1":17,"2":17,"3":17,"4":17,"5":17,"6":17,"7":17,"8":17,"9":17,"10":17,"11":17,"12":17,"13":17,"14":17,"15":17,"16":17,"17":17},"f":{},"b":{}}
,"/home/attilla333/code/sophiecs333/job-search/src/store/getters.ts": {"path":"/home/attilla333/code/sophiecs333/job-search/src/store/getters.ts","statementMap":{"0":{"start":{"line":1,"column":0},"end":{"line":1,"column":null}},"1":{"start":{"line":22,"column":16},"end":{"line":22,"column":null}},"2":{"start":{"line":24,"column":32},"end":{"line":24,"column":36}},"3":{"start":{"line":25,"column":4},"end":{"line":25,"column":9}},"4":{"start":{"line":25,"column":32},"end":{"line":25,"column":51}},"5":{"start":{"line":26,"column":4},"end":{"line":26,"column":11}},"6":{"start":{"line":29,"column":27},"end":{"line":29,"column":31}},"7":{"start":{"line":30,"column":4},"end":{"line":30,"column":9}},"8":{"start":{"line":30,"column":32},"end":{"line":30,"column":46}},"9":{"start":{"line":31,"column":4},"end":{"line":31,"column":11}},"10":{"start":{"line":34,"column":4},"end":{"line":34,"column":11}},"11":{"start":{"line":34,"column":41},"end":{"line":34,"column":null}},"12":{"start":{"line":36,"column":58},"end":{"line":39,"column":null}},"13":{"start":{"line":37,"column":4},"end":{"line":37,"column":57}},"14":{"start":{"line":37,"column":50},"end":{"line":37,"column":57}},"15":{"start":{"line":38,"column":4},"end":{"line":38,"column":11}},"16":{"start":{"line":40,"column":54},"end":{"line":43,"column":null}},"17":{"start":{"line":41,"column":4},"end":{"line":41,"column":52}},"18":{"start":{"line":41,"column":45},"end":{"line":41,"column":52}},"19":{"start":{"line":42,"column":4},"end":{"line":42,"column":11}},"20":{"start":{"line":44,"column":52},"end":{"line":47,"column":null}},"21":{"start":{"line":45,"column":4},"end":{"line":45,"column":51}},"22":{"start":{"line":45,"column":44},"end":{"line":45,"column":51}},"23":{"start":{"line":46,"column":4},"end":{"line":46,"column":11}},"24":{"start":{"line":48,"column":51},"end":{"line":52,"column":null}},"25":{"start":{"line":49,"column":4},"end":{"line":49,"column":11}},"26":{"start":{"line":54,"column":4},"end":{"line":54,"column":11}},"27":{"start":{"line":55,"column":23},"end":{"line":55,"column":30}},"28":{"start":{"line":56,"column":23},"end":{"line":56,"column":30}},"29":{"start":{"line":57,"column":23},"end":{"line":57,"column":30}},"30":{"start":{"line":58,"column":23},"end":{"line":58,"column":30}},"31":{"start":{"line":62,"column":0},"end":{"line":62,"column":15}}},"fnMap":{"0":{"name":"(anonymous_0)","decl":{"start":{"line":23,"column":2},"end":{"line":23,"column":3}},"loc":{"start":{"line":23,"column":43},"end":{"line":27,"column":null}}},"1":{"name":"(anonymous_1)","decl":{"start":{"line":25,"column":24},"end":{"line":25,"column":32}},"loc":{"start":{"line":25,"column":32},"end":{"line":25,"column":51}}},"2":{"name":"(anonymous_2)","decl":{"start":{"line":28,"column":2},"end":{"line":28,"column":3}},"loc":{"start":{"line":28,"column":39},"end":{"line":32,"column":null}}},"3":{"name":"(anonymous_3)","decl":{"start":{"line":30,"column":24},"end":{"line":30,"column":32}},"loc":{"start":{"line":30,"column":32},"end":{"line":30,"column":46}}},"4":{"name":"(anonymous_4)","decl":{"start":{"line":33,"column":2},"end":{"line":33,"column":3}},"loc":{"start":{"line":33,"column":37},"end":{"line":35,"column":null}}},"5":{"name":"(anonymous_5)","decl":{"start":{"line":34,"column":30},"end":{"line":34,"column":41}},"loc":{"start":{"line":34,"column":41},"end":{"line":34,"column":null}}},"6":{"name":"(anonymous_6)","decl":{"start":{"line":36,"column":34},"end":{"line":36,"column":57}},"loc":{"start":{"line":36,"column":58},"end":{"line":39,"column":null}}},"7":{"name":"(anonymous_7)","decl":{"start":{"line":36,"column":58},"end":{"line":36,"column":70}},"loc":{"start":{"line":36,"column":70},"end":{"line":39,"column":null}}},"8":{"name":"(anonymous_8)","decl":{"start":{"line":40,"column":30},"end":{"line":40,"column":53}},"loc":{"start":{"line":40,"column":54},"end":{"line":43,"column":null}}},"9":{"name":"(anonymous_9)","decl":{"start":{"line":40,"column":54},"end":{"line":40,"column":66}},"loc":{"start":{"line":40,"column":66},"end":{"line":43,"column":null}}},"10":{"name":"(anonymous_10)","decl":{"start":{"line":44,"column":28},"end":{"line":44,"column":51}},"loc":{"start":{"line":44,"column":52},"end":{"line":47,"column":null}}},"11":{"name":"(anonymous_11)","decl":{"start":{"line":44,"column":52},"end":{"line":44,"column":64}},"loc":{"start":{"line":44,"column":64},"end":{"line":47,"column":null}}},"12":{"name":"(anonymous_12)","decl":{"start":{"line":48,"column":27},"end":{"line":48,"column":50}},"loc":{"start":{"line":48,"column":51},"end":{"line":52,"column":null}}},"13":{"name":"(anonymous_13)","decl":{"start":{"line":48,"column":51},"end":{"line":48,"column":63}},"loc":{"start":{"line":48,"column":63},"end":{"line":52,"column":null}}},"14":{"name":"(anonymous_14)","decl":{"start":{"line":53,"column":2},"end":{"line":53,"column":3}},"loc":{"start":{"line":53,"column":64},"end":{"line":59,"column":null}}},"15":{"name":"(anonymous_15)","decl":{"start":{"line":55,"column":15},"end":{"line":55,"column":23}},"loc":{"start":{"line":55,"column":23},"end":{"line":55,"column":30}}},"16":{"name":"(anonymous_16)","decl":{"start":{"line":56,"column":15},"end":{"line":56,"column":23}},"loc":{"start":{"line":56,"column":23},"end":{"line":56,"column":30}}},"17":{"name":"(anonymous_17)","decl":{"start":{"line":57,"column":15},"end":{"line":57,"column":23}},"loc":{"start":{"line":57,"column":23},"end":{"line":57,"column":30}}},"18":{"name":"(anonymous_18)","decl":{"start":{"line":58,"column":15},"end":{"line":58,"column":23}},"loc":{"start":{"line":58,"column":23},"end":{"line":58,"column":30}}}},"branchMap":{"0":{"loc":{"start":{"line":37,"column":4},"end":{"line":37,"column":57}},"type":"if","locations":[{"start":{"line":37,"column":4},"end":{"line":37,"column":57}}]},"1":{"loc":{"start":{"line":41,"column":4},"end":{"line":41,"column":52}},"type":"if","locations":[{"start":{"line":41,"column":4},"end":{"line":41,"column":52}}]},"2":{"loc":{"start":{"line":45,"column":4},"end":{"line":45,"column":51}},"type":"if","locations":[{"start":{"line":45,"column":4},"end":{"line":45,"column":51}}]}},"s":{"0":15,"1":15,"2":1,"3":1,"4":3,"5":1,"6":1,"7":1,"8":3,"9":1,"10":1,"11":2,"12":2,"13":2,"14":1,"15":1,"16":2,"17":2,"18":1,"19":1,"20":2,"21":2,"22":1,"23":1,"24":3,"25":3,"26":1,"27":1,"28":1,"29":1,"30":1,"31":15},"f":{"0":1,"1":3,"2":1,"3":3,"4":1,"5":2,"6":2,"7":2,"8":2,"9":2,"10":2,"11":2,"12":3,"13":3,"14":1,"15":1,"16":1,"17":1,"18":1},"b":{"0":[1],"1":[1],"2":[1]}}
,"/home/attilla333/code/sophiecs333/job-search/src/store/index.ts": {"path":"/home/attilla333/code/sophiecs333/job-search/src/store/index.ts","statementMap":{"0":{"start":{"line":2,"column":0},"end":{"line":2,"column":null}},"1":{"start":{"line":4,"column":0},"end":{"line":4,"column":null}},"2":{"start":{"line":5,"column":0},"end":{"line":5,"column":null}},"3":{"start":{"line":6,"column":0},"end":{"line":6,"column":null}},"4":{"start":{"line":7,"column":0},"end":{"line":7,"column":null}},"5":{"start":{"line":10,"column":13},"end":{"line":10,"column":53}},"6":{"start":{"line":12,"column":14},"end":{"line":12,"column":39}},"7":{"start":{"line":20,"column":0},"end":{"line":20,"column":15}}},"fnMap":{},"branchMap":{},"s":{"0":14,"1":14,"2":14,"3":14,"4":14,"5":14,"6":14,"7":14},"f":{},"b":{}}
,"/home/attilla333/code/sophiecs333/job-search/src/store/mutations.ts": {"path":"/home/attilla333/code/sophiecs333/job-search/src/store/mutations.ts","statementMap":{"0":{"start":{"line":1,"column":0},"end":{"line":1,"column":null}},"1":{"start":{"line":15,"column":18},"end":{"line":15,"column":null}},"2":{"start":{"line":17,"column":4},"end":{"line":17,"column":9}},"3":{"start":{"line":20,"column":4},"end":{"line":20,"column":9}},"4":{"start":{"line":23,"column":4},"end":{"line":23,"column":9}},"5":{"start":{"line":26,"column":4},"end":{"line":26,"column":9}},"6":{"start":{"line":29,"column":4},"end":{"line":29,"column":9}},"7":{"start":{"line":32,"column":4},"end":{"line":32,"column":9}},"8":{"start":{"line":35,"column":4},"end":{"line":35,"column":9}},"9":{"start":{"line":38,"column":4},"end":{"line":38,"column":9}},"10":{"start":{"line":39,"column":4},"end":{"line":39,"column":9}},"11":{"start":{"line":40,"column":4},"end":{"line":40,"column":9}},"12":{"start":{"line":41,"column":4},"end":{"line":41,"column":9}},"13":{"start":{"line":45,"column":0},"end":{"line":45,"column":15}}},"fnMap":{"0":{"name":"(anonymous_0)","decl":{"start":{"line":16,"column":2},"end":{"line":16,"column":3}},"loc":{"start":{"line":16,"column":33},"end":{"line":18,"column":null}}},"1":{"name":"(anonymous_1)","decl":{"start":{"line":19,"column":2},"end":{"line":19,"column":3}},"loc":{"start":{"line":19,"column":48},"end":{"line":21,"column":null}}},"2":{"name":"(anonymous_2)","decl":{"start":{"line":22,"column":2},"end":{"line":22,"column":3}},"loc":{"start":{"line":22,"column":57},"end":{"line":24,"column":null}}},"3":{"name":"(anonymous_3)","decl":{"start":{"line":25,"column":2},"end":{"line":25,"column":3}},"loc":{"start":{"line":25,"column":74},"end":{"line":27,"column":null}}},"4":{"name":"(anonymous_4)","decl":{"start":{"line":28,"column":2},"end":{"line":28,"column":3}},"loc":{"start":{"line":28,"column":65},"end":{"line":30,"column":null}}},"5":{"name":"(anonymous_5)","decl":{"start":{"line":31,"column":2},"end":{"line":31,"column":3}},"loc":{"start":{"line":31,"column":62},"end":{"line":33,"column":null}}},"6":{"name":"(anonymous_6)","decl":{"start":{"line":34,"column":2},"end":{"line":34,"column":3}},"loc":{"start":{"line":34,"column":74},"end":{"line":36,"column":null}}},"7":{"name":"(anonymous_7)","decl":{"start":{"line":37,"column":2},"end":{"line":37,"column":3}},"loc":{"start":{"line":37,"column":55},"end":{"line":42,"column":null}}}},"branchMap":{},"s":{"0":15,"1":15,"2":1,"3":1,"4":1,"5":1,"6":1,"7":1,"8":1,"9":1,"10":1,"11":1,"12":1,"13":15},"f":{"0":1,"1":1,"2":1,"3":1,"4":1,"5":1,"6":1,"7":1},"b":{}}
,"/home/attilla333/code/sophiecs333/job-search/src/store/state.ts": {"path":"/home/attilla333/code/sophiecs333/job-search/src/store/state.ts","statementMap":{"0":{"start":{"line":3,"column":14},"end":{"line":13,"column":null}},"1":{"start":{"line":4,"column":2},"end":{"line":4,"column":9}},"2":{"start":{"line":15,"column":0},"end":{"line":15,"column":15}}},"fnMap":{"0":{"name":"(anonymous_0)","decl":{"start":{"line":3,"column":14},"end":{"line":3,"column":32}},"loc":{"start":{"line":3,"column":32},"end":{"line":13,"column":null}}}},"branchMap":{},"s":{"0":18,"1":36,"2":18},"f":{"0":36},"b":{}}
,"/home/attilla333/code/sophiecs333/job-search/src/utils/nextElementInList.ts": {"path":"/home/attilla333/code/sophiecs333/job-search/src/utils/nextElementInList.ts","statementMap":{"0":{"start":{"line":1,"column":26},"end":{"line":6,"column":null}},"1":{"start":{"line":2,"column":28},"end":{"line":2,"column":32}},"2":{"start":{"line":3,"column":25},"end":{"line":3,"column":null}},"3":{"start":{"line":4,"column":20},"end":{"line":4,"column":25}},"4":{"start":{"line":5,"column":2},"end":{"line":5,"column":9}},"5":{"start":{"line":8,"column":0},"end":{"line":8,"column":15}}},"fnMap":{"0":{"name":"(anonymous_0)","decl":{"start":{"line":1,"column":26},"end":{"line":1,"column":30}},"loc":{"start":{"line":1,"column":56},"end":{"line":6,"column":null}}}},"branchMap":{},"s":{"0":2,"1":5,"2":5,"3":5,"4":5,"5":2},"f":{"0":5},"b":{}}
,"/home/attilla333/code/sophiecs333/job-search/tests/unit/store/utils.ts": {"path":"/home/attilla333/code/sophiecs333/job-search/tests/unit/store/utils.ts","statementMap":{"0":{"start":{"line":1,"column":0},"end":{"line":1,"column":null}},"1":{"start":{"line":5,"column":27},"end":{"line":8,"column":null}},"2":{"start":{"line":6,"column":23},"end":{"line":6,"column":null}},"3":{"start":{"line":7,"column":2},"end":{"line":7,"column":9}},"4":{"start":{"line":5,"column":13},"end":{"line":5,"column":24}},"5":{"start":{"line":10,"column":28},"end":{"line":10,"column":29}},"6":{"start":{"line":10,"column":71},"end":{"line":10,"column":null}},"7":{"start":{"line":10,"column":13},"end":{"line":10,"column":25}},"8":{"start":{"line":16,"column":25},"end":{"line":16,"column":26}},"9":{"start":{"line":16,"column":62},"end":{"line":16,"column":null}},"10":{"start":{"line":16,"column":13},"end":{"line":16,"column":22}}},"fnMap":{"0":{"name":"(anonymous_1)","decl":{"start":{"line":5,"column":27},"end":{"line":5,"column":28}},"loc":{"start":{"line":5,"column":78},"end":{"line":8,"column":null}}},"1":{"name":"(anonymous_2)","decl":{"start":{"line":10,"column":28},"end":{"line":10,"column":29}},"loc":{"start":{"line":10,"column":71},"end":{"line":10,"column":null}}},"2":{"name":"(anonymous_3)","decl":{"start":{"line":16,"column":25},"end":{"line":16,"column":26}},"loc":{"start":{"line":16,"column":62},"end":{"line":16,"column":null}}}},"branchMap":{"0":{"loc":{"start":{"line":5,"column":28},"end":{"line":5,"column":78}},"type":"default-arg","locations":[{"start":{"line":5,"column":59},"end":{"line":5,"column":78}}]},"1":{"loc":{"start":{"line":10,"column":29},"end":{"line":10,"column":71}},"type":"default-arg","locations":[{"start":{"line":10,"column":55},"end":{"line":10,"column":71}}]},"2":{"loc":{"start":{"line":16,"column":26},"end":{"line":16,"column":62}},"type":"default-arg","locations":[{"start":{"line":16,"column":49},"end":{"line":16,"column":62}}]}},"s":{"0":3,"1":3,"2":21,"3":21,"4":3,"5":3,"6":3,"7":3,"8":3,"9":23,"10":3},"f":{"0":21,"1":3,"2":23},"b":{"0":[0],"1":[1],"2":[2]}}
}
