TN:
SF:src/api/getJobs.js
FN:3,(anonymous_0)
FNF:1
FNH:1
FNDA:2,(anonymous_0)
DA:3,3
DA:4,2
DA:5,2
DA:6,2
LF:4
LH:4
BRF:0
BRH:0
end_of_record
TN:
SF:src/components/jobresults/JobListing.vue
FN:66,(anonymous_0)
FNF:1
FNH:1
FNDA:5,(anonymous_0)
DA:57,2
DA:67,5
LF:2
LH:2
BRF:0
BRH:0
end_of_record
TN:
SF:src/components/navigation/ProfileImage.vue
FN:8,(anonymous_0)
FNF:1
FNH:1
FNDA:1,(anonymous_0)
DA:6,2
DA:9,1
LF:2
LH:2
BRF:0
BRH:0
end_of_record
TN:
SF:src/components/navigation/Subnav.vue
FN:15,(anonymous_0)
FNF:1
FNH:1
FNDA:2,(anonymous_0)
DA:13,2
DA:16,2
LF:2
LH:2
BRF:0
BRH:0
end_of_record
TN:
SF:src/components/shared/Accordion.vue
FN:27,(anonymous_0)
FN:33,(anonymous_1)
FN:38,(anonymous_2)
FNF:3
FNH:3
FNDA:2,(anonymous_0)
FNDA:4,(anonymous_1)
FNDA:2,(anonymous_2)
DA:19,1
DA:28,2
DA:34,4
DA:39,2
LF:4
LH:4
BRDA:34,0,0,2
BRDA:34,0,1,2
BRF:2
BRH:2
end_of_record
TN:
SF:src/components/shared/ActionButton.vue
FN:19,(anonymous_0)
FN:25,(anonymous_1)
FNF:2
FNH:2
FNDA:7,(anonymous_0)
FNDA:3,(anonymous_1)
DA:8,3
DA:20,7
DA:26,3
LF:3
LH:3
BRF:0
BRH:0
end_of_record
TN:
SF:src/components/shared/HeaderContainer.vue
FNF:0
FNH:0
DA:11,1
LF:1
LH:1
BRF:0
BRH:0
end_of_record
TN:
SF:src/components/shared/TextInput.vue
FN:27,(anonymous_0)
FNF:1
FNH:1
FNDA:5,(anonymous_0)
DA:12,2
DA:28,5
LF:2
LH:2
BRF:0
BRH:0
end_of_record
TN:
SF:src/store/index.js
FN:11,(anonymous_0)
FN:19,(anonymous_1)
FN:22,(anonymous_2)
FN:28,(anonymous_3)
FN:30,(anonymous_4)
FN:36,(anonymous_5)
FNF:6
FNH:1
FNDA:2,(anonymous_0)
FNDA:0,(anonymous_1)
FNDA:0,(anonymous_2)
FNDA:0,(anonymous_3)
FNDA:0,(anonymous_4)
FNDA:0,(anonymous_5)
DA:5,2
DA:6,2
DA:7,2
DA:9,2
DA:11,2
DA:12,2
DA:18,2
DA:20,0
DA:23,0
DA:27,2
DA:29,0
DA:30,0
DA:31,0
DA:35,2
DA:37,0
DA:38,0
DA:42,2
LF:17
LH:10
BRF:0
BRH:0
end_of_record
TN:
SF:src/utils/nextElementInList.js
FN:1,(anonymous_0)
FNF:1
FNH:1
FNDA:5,(anonymous_0)
DA:1,2
DA:2,5
DA:3,5
DA:4,5
DA:5,5
LF:5
LH:5
BRF:0
BRH:0
end_of_record
